2020-09-28 12:26:51.993+0300 [main] INFO  com.dpiliotis.hotel.broker.HotelsIT - Starting HotelsIT on athlp0318 with PID 23866 (started by dpilioti in /space/projects/RTLS/hotel-broker)
2020-09-28 12:26:51.995+0300 [main] INFO  com.dpiliotis.hotel.broker.HotelsIT - The following profiles are active: test,dev
2020-09-28 12:26:52.641+0300 [main] INFO  o.s.d.r.c.RepositoryConfigurationDelegate - Bootstrapping Spring Data JPA repositories in DEFAULT mode.
2020-09-28 12:26:52.744+0300 [main] INFO  o.s.d.r.c.RepositoryConfigurationDelegate - Finished Spring Data repository scanning in 92ms. Found 2 JPA repository interfaces.
2020-09-28 12:26:53.168+0300 [main] INFO  o.s.c.s.PostProcessorRegistrationDelegate$BeanPostProcessorChecker - Bean 'org.springframework.transaction.annotation.ProxyTransactionManagementConfiguration' of type [org.springframework.transaction.annotation.ProxyTransactionManagementConfiguration] is not eligible for getting processed by all BeanPostProcessors (for example: not eligible for auto-proxying)
2020-09-28 12:26:53.619+0300 [main] INFO  o.s.b.w.e.tomcat.TomcatWebServer - Tomcat initialized with port(s): 0 (http)
2020-09-28 12:26:53.629+0300 [main] INFO  o.a.coyote.http11.Http11NioProtocol - Initializing ProtocolHandler ["http-nio-auto-1"]
2020-09-28 12:26:53.630+0300 [main] INFO  o.a.catalina.core.StandardService - Starting service [Tomcat]
2020-09-28 12:26:53.631+0300 [main] INFO  o.a.catalina.core.StandardEngine - Starting Servlet engine: [Apache Tomcat/9.0.29]
2020-09-28 12:26:53.729+0300 [main] INFO  o.a.c.c.C.[Tomcat].[localhost].[/] - Initializing Spring embedded WebApplicationContext
2020-09-28 12:26:53.730+0300 [main] INFO  o.s.web.context.ContextLoader - Root WebApplicationContext: initialization completed in 1715 ms
2020-09-28 12:26:53.989+0300 [main] INFO  o.h.jpa.internal.util.LogHelper - HHH000204: Processing PersistenceUnitInfo [name: default]
2020-09-28 12:26:54.080+0300 [main] INFO  org.hibernate.Version - HHH000412: Hibernate Core {5.4.9.Final}
2020-09-28 12:26:54.226+0300 [main] INFO  o.h.annotations.common.Version - HCANN000001: Hibernate Commons Annotations {5.1.0.Final}
2020-09-28 12:26:54.355+0300 [main] INFO  com.zaxxer.hikari.HikariDataSource - HikariPool-1 - Starting...
2020-09-28 12:26:54.640+0300 [main] INFO  com.zaxxer.hikari.HikariDataSource - HikariPool-1 - Start completed.
2020-09-28 12:26:54.661+0300 [main] INFO  org.hibernate.dialect.Dialect - HHH000400: Using dialect: org.hibernate.dialect.H2Dialect
2020-09-28 12:26:55.568+0300 [main] INFO  o.h.e.t.j.p.i.JtaPlatformInitiator - HHH000490: Using JtaPlatform implementation: [org.hibernate.engine.transaction.jta.platform.internal.NoJtaPlatform]
2020-09-28 12:26:55.574+0300 [main] INFO  o.s.o.j.LocalContainerEntityManagerFactoryBean - Initialized JPA EntityManagerFactory for persistence unit 'default'
2020-09-28 12:26:56.493+0300 [main] WARN  o.s.b.a.o.j.JpaBaseConfiguration$JpaWebConfiguration - spring.jpa.open-in-view is enabled by default. Therefore, database queries may be performed during view rendering. Explicitly configure spring.jpa.open-in-view to disable this warning
2020-09-28 12:26:56.800+0300 [main] INFO  o.s.s.c.ThreadPoolTaskExecutor - Initializing ExecutorService 'applicationTaskExecutor'
2020-09-28 12:26:57.205+0300 [main] INFO  o.a.coyote.http11.Http11NioProtocol - Starting ProtocolHandler ["http-nio-auto-1"]
2020-09-28 12:26:57.249+0300 [main] INFO  o.s.b.w.e.tomcat.TomcatWebServer - Tomcat started on port(s): 38337 (http) with context path ''
2020-09-28 12:26:57.252+0300 [main] INFO  com.dpiliotis.hotel.broker.HotelsIT - Started HotelsIT in 5.764 seconds (JVM running for 6.93)
2020-09-28 12:26:57.286+0300 [main] INFO  o.s.s.c.ThreadPoolTaskExecutor - Shutting down ExecutorService 'applicationTaskExecutor'
2020-09-28 12:26:57.287+0300 [main] INFO  o.s.o.j.LocalContainerEntityManagerFactoryBean - Closing JPA EntityManagerFactory for persistence unit 'default'
2020-09-28 12:26:57.289+0300 [main] INFO  com.zaxxer.hikari.HikariDataSource - HikariPool-1 - Shutdown initiated...
2020-09-28 12:26:57.293+0300 [main] INFO  com.zaxxer.hikari.HikariDataSource - HikariPool-1 - Shutdown completed.
2020-09-28 12:26:57.405+0300 [main] INFO  com.dpiliotis.hotel.broker.HotelsIT - Starting HotelsIT on athlp0318 with PID 23866 (started by dpilioti in /space/projects/RTLS/hotel-broker)
2020-09-28 12:26:57.408+0300 [main] INFO  com.dpiliotis.hotel.broker.HotelsIT - The following profiles are active: test,dev
2020-09-28 12:26:57.625+0300 [main] INFO  o.s.d.r.c.RepositoryConfigurationDelegate - Bootstrapping Spring Data JPA repositories in DEFAULT mode.
2020-09-28 12:26:57.647+0300 [main] INFO  o.s.d.r.c.RepositoryConfigurationDelegate - Finished Spring Data repository scanning in 20ms. Found 2 JPA repository interfaces.
2020-09-28 12:26:57.757+0300 [main] INFO  o.s.c.s.PostProcessorRegistrationDelegate$BeanPostProcessorChecker - Bean 'org.springframework.transaction.annotation.ProxyTransactionManagementConfiguration' of type [org.springframework.transaction.annotation.ProxyTransactionManagementConfiguration] is not eligible for getting processed by all BeanPostProcessors (for example: not eligible for auto-proxying)
2020-09-28 12:26:57.883+0300 [main] WARN  o.a.tomcat.util.modeler.Registry - The MBean registry cannot be disabled because it has already been initialised
2020-09-28 12:26:57.887+0300 [main] INFO  o.s.b.w.e.tomcat.TomcatWebServer - Tomcat initialized with port(s): 0 (http)
2020-09-28 12:26:57.888+0300 [main] INFO  o.a.coyote.http11.Http11NioProtocol - Initializing ProtocolHandler ["http-nio-auto-2"]
2020-09-28 12:26:57.888+0300 [main] INFO  o.a.catalina.core.StandardService - Starting service [Tomcat]
2020-09-28 12:26:57.889+0300 [main] INFO  o.a.catalina.core.StandardEngine - Starting Servlet engine: [Apache Tomcat/9.0.29]
2020-09-28 12:26:57.892+0300 [main] INFO  o.a.c.c.C.[Tomcat].[localhost].[/] - Initializing Spring embedded WebApplicationContext
2020-09-28 12:26:57.892+0300 [main] INFO  o.s.web.context.ContextLoader - Root WebApplicationContext: initialization completed in 480 ms
2020-09-28 12:26:58.030+0300 [main] INFO  o.h.jpa.internal.util.LogHelper - HHH000204: Processing PersistenceUnitInfo [name: default]
2020-09-28 12:26:58.037+0300 [main] INFO  com.zaxxer.hikari.HikariDataSource - HikariPool-2 - Starting...
2020-09-28 12:26:58.046+0300 [main] INFO  com.zaxxer.hikari.HikariDataSource - HikariPool-2 - Start completed.
2020-09-28 12:26:58.046+0300 [main] INFO  org.hibernate.dialect.Dialect - HHH000400: Using dialect: org.hibernate.dialect.H2Dialect
2020-09-28 12:26:58.196+0300 [main] INFO  o.h.e.t.j.p.i.JtaPlatformInitiator - HHH000490: Using JtaPlatform implementation: [org.hibernate.engine.transaction.jta.platform.internal.NoJtaPlatform]
2020-09-28 12:26:58.196+0300 [main] INFO  o.s.o.j.LocalContainerEntityManagerFactoryBean - Initialized JPA EntityManagerFactory for persistence unit 'default'
2020-09-28 12:26:58.407+0300 [main] WARN  o.s.b.a.o.j.JpaBaseConfiguration$JpaWebConfiguration - spring.jpa.open-in-view is enabled by default. Therefore, database queries may be performed during view rendering. Explicitly configure spring.jpa.open-in-view to disable this warning
2020-09-28 12:26:58.560+0300 [main] INFO  o.s.s.c.ThreadPoolTaskExecutor - Initializing ExecutorService 'applicationTaskExecutor'
2020-09-28 12:26:58.869+0300 [main] INFO  o.a.coyote.http11.Http11NioProtocol - Starting ProtocolHandler ["http-nio-auto-2"]
2020-09-28 12:26:58.955+0300 [main] INFO  o.s.b.w.e.tomcat.TomcatWebServer - Tomcat started on port(s): 38681 (http) with context path ''
2020-09-28 12:26:58.956+0300 [main] INFO  com.dpiliotis.hotel.broker.HotelsIT - Started HotelsIT in 1.637 seconds (JVM running for 8.634)
2020-09-28 12:26:59.256+0300 [http-nio-auto-2-exec-1] INFO  o.a.c.c.C.[Tomcat].[localhost].[/] - Initializing Spring DispatcherServlet 'dispatcherServlet'
2020-09-28 12:26:59.258+0300 [http-nio-auto-2-exec-1] INFO  o.s.web.servlet.DispatcherServlet - Initializing Servlet 'dispatcherServlet'
2020-09-28 12:26:59.292+0300 [http-nio-auto-2-exec-1] INFO  o.s.web.servlet.DispatcherServlet - Completed initialization in 34 ms
2020-09-28 12:26:59.410+0300 [http-nio-auto-2-exec-1] INFO  c.d.h.b.controller.HotelController - Delete hotel with id: 2
2020-09-28 12:26:59.585+0300 [main] INFO  o.s.s.c.ThreadPoolTaskExecutor - Shutting down ExecutorService 'applicationTaskExecutor'
2020-09-28 12:26:59.586+0300 [main] INFO  o.s.o.j.LocalContainerEntityManagerFactoryBean - Closing JPA EntityManagerFactory for persistence unit 'default'
2020-09-28 12:26:59.587+0300 [main] INFO  com.zaxxer.hikari.HikariDataSource - HikariPool-2 - Shutdown initiated...
2020-09-28 12:26:59.606+0300 [main] INFO  com.zaxxer.hikari.HikariDataSource - HikariPool-2 - Shutdown completed.
2020-09-28 12:26:59.673+0300 [main] INFO  com.dpiliotis.hotel.broker.HotelsIT - Starting HotelsIT on athlp0318 with PID 23866 (started by dpilioti in /space/projects/RTLS/hotel-broker)
2020-09-28 12:26:59.673+0300 [main] INFO  com.dpiliotis.hotel.broker.HotelsIT - The following profiles are active: test,dev
2020-09-28 12:26:59.888+0300 [main] INFO  o.s.d.r.c.RepositoryConfigurationDelegate - Bootstrapping Spring Data JPA repositories in DEFAULT mode.
2020-09-28 12:26:59.902+0300 [main] INFO  o.s.d.r.c.RepositoryConfigurationDelegate - Finished Spring Data repository scanning in 13ms. Found 2 JPA repository interfaces.
2020-09-28 12:27:00.016+0300 [main] INFO  o.s.c.s.PostProcessorRegistrationDelegate$BeanPostProcessorChecker - Bean 'org.springframework.transaction.annotation.ProxyTransactionManagementConfiguration' of type [org.springframework.transaction.annotation.ProxyTransactionManagementConfiguration] is not eligible for getting processed by all BeanPostProcessors (for example: not eligible for auto-proxying)
2020-09-28 12:27:00.125+0300 [main] WARN  o.a.tomcat.util.modeler.Registry - The MBean registry cannot be disabled because it has already been initialised
2020-09-28 12:27:00.130+0300 [main] INFO  o.s.b.w.e.tomcat.TomcatWebServer - Tomcat initialized with port(s): 0 (http)
2020-09-28 12:27:00.131+0300 [main] INFO  o.a.coyote.http11.Http11NioProtocol - Initializing ProtocolHandler ["http-nio-auto-3"]
2020-09-28 12:27:00.131+0300 [main] INFO  o.a.catalina.core.StandardService - Starting service [Tomcat]
2020-09-28 12:27:00.131+0300 [main] INFO  o.a.catalina.core.StandardEngine - Starting Servlet engine: [Apache Tomcat/9.0.29]
2020-09-28 12:27:00.134+0300 [main] INFO  o.a.c.c.C.[Tomcat].[localhost].[/] - Initializing Spring embedded WebApplicationContext
2020-09-28 12:27:00.134+0300 [main] INFO  o.s.web.context.ContextLoader - Root WebApplicationContext: initialization completed in 456 ms
2020-09-28 12:27:00.271+0300 [main] INFO  o.h.jpa.internal.util.LogHelper - HHH000204: Processing PersistenceUnitInfo [name: default]
2020-09-28 12:27:00.276+0300 [main] INFO  com.zaxxer.hikari.HikariDataSource - HikariPool-3 - Starting...
2020-09-28 12:27:00.292+0300 [main] INFO  com.zaxxer.hikari.HikariDataSource - HikariPool-3 - Start completed.
2020-09-28 12:27:00.294+0300 [main] INFO  org.hibernate.dialect.Dialect - HHH000400: Using dialect: org.hibernate.dialect.H2Dialect
2020-09-28 12:27:00.417+0300 [main] INFO  o.h.e.t.j.p.i.JtaPlatformInitiator - HHH000490: Using JtaPlatform implementation: [org.hibernate.engine.transaction.jta.platform.internal.NoJtaPlatform]
2020-09-28 12:27:00.418+0300 [main] INFO  o.s.o.j.LocalContainerEntityManagerFactoryBean - Initialized JPA EntityManagerFactory for persistence unit 'default'
2020-09-28 12:27:00.565+0300 [main] WARN  o.s.b.a.o.j.JpaBaseConfiguration$JpaWebConfiguration - spring.jpa.open-in-view is enabled by default. Therefore, database queries may be performed during view rendering. Explicitly configure spring.jpa.open-in-view to disable this warning
2020-09-28 12:27:00.672+0300 [main] INFO  o.s.s.c.ThreadPoolTaskExecutor - Initializing ExecutorService 'applicationTaskExecutor'
2020-09-28 12:27:00.860+0300 [main] INFO  o.a.coyote.http11.Http11NioProtocol - Starting ProtocolHandler ["http-nio-auto-3"]
2020-09-28 12:27:00.869+0300 [main] INFO  o.s.b.w.e.tomcat.TomcatWebServer - Tomcat started on port(s): 45519 (http) with context path ''
2020-09-28 12:27:00.869+0300 [main] INFO  com.dpiliotis.hotel.broker.HotelsIT - Started HotelsIT in 1.243 seconds (JVM running for 10.547)
2020-09-28 12:27:00.919+0300 [http-nio-auto-3-exec-1] INFO  o.a.c.c.C.[Tomcat].[localhost].[/] - Initializing Spring DispatcherServlet 'dispatcherServlet'
2020-09-28 12:27:00.920+0300 [http-nio-auto-3-exec-1] INFO  o.s.web.servlet.DispatcherServlet - Initializing Servlet 'dispatcherServlet'
2020-09-28 12:27:00.938+0300 [http-nio-auto-3-exec-1] INFO  o.s.web.servlet.DispatcherServlet - Completed initialization in 18 ms
2020-09-28 12:27:00.999+0300 [http-nio-auto-3-exec-1] INFO  c.d.h.b.controller.HotelController - Update hotel with id: null
2020-09-28 12:27:01.060+0300 [main] INFO  o.s.s.c.ThreadPoolTaskExecutor - Shutting down ExecutorService 'applicationTaskExecutor'
2020-09-28 12:27:01.062+0300 [main] INFO  o.s.o.j.LocalContainerEntityManagerFactoryBean - Closing JPA EntityManagerFactory for persistence unit 'default'
2020-09-28 12:27:01.062+0300 [main] INFO  com.zaxxer.hikari.HikariDataSource - HikariPool-3 - Shutdown initiated...
2020-09-28 12:27:01.078+0300 [main] INFO  com.zaxxer.hikari.HikariDataSource - HikariPool-3 - Shutdown completed.
2020-09-28 12:27:01.148+0300 [main] INFO  com.dpiliotis.hotel.broker.HotelsIT - Starting HotelsIT on athlp0318 with PID 23866 (started by dpilioti in /space/projects/RTLS/hotel-broker)
2020-09-28 12:27:01.149+0300 [main] INFO  com.dpiliotis.hotel.broker.HotelsIT - The following profiles are active: test,dev
2020-09-28 12:27:01.284+0300 [main] INFO  o.s.d.r.c.RepositoryConfigurationDelegate - Bootstrapping Spring Data JPA repositories in DEFAULT mode.
2020-09-28 12:27:01.292+0300 [main] INFO  o.s.d.r.c.RepositoryConfigurationDelegate - Finished Spring Data repository scanning in 7ms. Found 2 JPA repository interfaces.
2020-09-28 12:27:01.387+0300 [main] INFO  o.s.c.s.PostProcessorRegistrationDelegate$BeanPostProcessorChecker - Bean 'org.springframework.transaction.annotation.ProxyTransactionManagementConfiguration' of type [org.springframework.transaction.annotation.ProxyTransactionManagementConfiguration] is not eligible for getting processed by all BeanPostProcessors (for example: not eligible for auto-proxying)
2020-09-28 12:27:01.491+0300 [main] WARN  o.a.tomcat.util.modeler.Registry - The MBean registry cannot be disabled because it has already been initialised
2020-09-28 12:27:01.493+0300 [main] INFO  o.s.b.w.e.tomcat.TomcatWebServer - Tomcat initialized with port(s): 0 (http)
2020-09-28 12:27:01.494+0300 [main] INFO  o.a.coyote.http11.Http11NioProtocol - Initializing ProtocolHandler ["http-nio-auto-4"]
2020-09-28 12:27:01.495+0300 [main] INFO  o.a.catalina.core.StandardService - Starting service [Tomcat]
2020-09-28 12:27:01.495+0300 [main] INFO  o.a.catalina.core.StandardEngine - Starting Servlet engine: [Apache Tomcat/9.0.29]
2020-09-28 12:27:01.498+0300 [main] INFO  o.a.c.c.C.[Tomcat].[localhost].[/] - Initializing Spring embedded WebApplicationContext
2020-09-28 12:27:01.498+0300 [main] INFO  o.s.web.context.ContextLoader - Root WebApplicationContext: initialization completed in 348 ms
2020-09-28 12:27:01.605+0300 [main] INFO  o.h.jpa.internal.util.LogHelper - HHH000204: Processing PersistenceUnitInfo [name: default]
2020-09-28 12:27:01.610+0300 [main] INFO  com.zaxxer.hikari.HikariDataSource - HikariPool-4 - Starting...
2020-09-28 12:27:01.612+0300 [main] INFO  com.zaxxer.hikari.HikariDataSource - HikariPool-4 - Start completed.
2020-09-28 12:27:01.613+0300 [main] INFO  org.hibernate.dialect.Dialect - HHH000400: Using dialect: org.hibernate.dialect.H2Dialect
2020-09-28 12:27:01.711+0300 [main] INFO  o.h.e.t.j.p.i.JtaPlatformInitiator - HHH000490: Using JtaPlatform implementation: [org.hibernate.engine.transaction.jta.platform.internal.NoJtaPlatform]
2020-09-28 12:27:01.712+0300 [main] INFO  o.s.o.j.LocalContainerEntityManagerFactoryBean - Initialized JPA EntityManagerFactory for persistence unit 'default'
2020-09-28 12:27:01.886+0300 [main] WARN  o.s.b.a.o.j.JpaBaseConfiguration$JpaWebConfiguration - spring.jpa.open-in-view is enabled by default. Therefore, database queries may be performed during view rendering. Explicitly configure spring.jpa.open-in-view to disable this warning
2020-09-28 12:27:02.009+0300 [main] INFO  o.s.s.c.ThreadPoolTaskExecutor - Initializing ExecutorService 'applicationTaskExecutor'
2020-09-28 12:27:02.277+0300 [main] INFO  o.a.coyote.http11.Http11NioProtocol - Starting ProtocolHandler ["http-nio-auto-4"]
2020-09-28 12:27:02.304+0300 [main] INFO  o.s.b.w.e.tomcat.TomcatWebServer - Tomcat started on port(s): 46669 (http) with context path ''
2020-09-28 12:27:02.305+0300 [main] INFO  com.dpiliotis.hotel.broker.HotelsIT - Started HotelsIT in 1.211 seconds (JVM running for 11.983)
2020-09-28 12:27:02.321+0300 [http-nio-auto-4-exec-1] INFO  o.a.c.c.C.[Tomcat].[localhost].[/] - Initializing Spring DispatcherServlet 'dispatcherServlet'
2020-09-28 12:27:02.321+0300 [http-nio-auto-4-exec-1] INFO  o.s.web.servlet.DispatcherServlet - Initializing Servlet 'dispatcherServlet'
2020-09-28 12:27:02.331+0300 [http-nio-auto-4-exec-1] INFO  o.s.web.servlet.DispatcherServlet - Completed initialization in 9 ms
2020-09-28 12:27:02.344+0300 [http-nio-auto-4-exec-1] INFO  c.d.h.b.controller.HotelController - Request all booked hotels for customer: Croft
2020-09-28 12:27:02.406+0300 [main] INFO  o.s.s.c.ThreadPoolTaskExecutor - Shutting down ExecutorService 'applicationTaskExecutor'
2020-09-28 12:27:02.409+0300 [main] INFO  o.s.o.j.LocalContainerEntityManagerFactoryBean - Closing JPA EntityManagerFactory for persistence unit 'default'
2020-09-28 12:27:02.413+0300 [main] INFO  com.zaxxer.hikari.HikariDataSource - HikariPool-4 - Shutdown initiated...
2020-09-28 12:27:02.432+0300 [main] INFO  com.zaxxer.hikari.HikariDataSource - HikariPool-4 - Shutdown completed.
2020-09-28 12:27:02.501+0300 [main] INFO  com.dpiliotis.hotel.broker.HotelsIT - Starting HotelsIT on athlp0318 with PID 23866 (started by dpilioti in /space/projects/RTLS/hotel-broker)
2020-09-28 12:27:02.502+0300 [main] INFO  com.dpiliotis.hotel.broker.HotelsIT - The following profiles are active: test,dev
2020-09-28 12:27:02.655+0300 [main] INFO  o.s.d.r.c.RepositoryConfigurationDelegate - Bootstrapping Spring Data JPA repositories in DEFAULT mode.
2020-09-28 12:27:02.675+0300 [main] INFO  o.s.d.r.c.RepositoryConfigurationDelegate - Finished Spring Data repository scanning in 19ms. Found 2 JPA repository interfaces.
2020-09-28 12:27:02.745+0300 [main] INFO  o.s.c.s.PostProcessorRegistrationDelegate$BeanPostProcessorChecker - Bean 'org.springframework.transaction.annotation.ProxyTransactionManagementConfiguration' of type [org.springframework.transaction.annotation.ProxyTransactionManagementConfiguration] is not eligible for getting processed by all BeanPostProcessors (for example: not eligible for auto-proxying)
2020-09-28 12:27:02.833+0300 [main] WARN  o.a.tomcat.util.modeler.Registry - The MBean registry cannot be disabled because it has already been initialised
2020-09-28 12:27:02.836+0300 [main] INFO  o.s.b.w.e.tomcat.TomcatWebServer - Tomcat initialized with port(s): 0 (http)
2020-09-28 12:27:02.837+0300 [main] INFO  o.a.coyote.http11.Http11NioProtocol - Initializing ProtocolHandler ["http-nio-auto-5"]
2020-09-28 12:27:02.837+0300 [main] INFO  o.a.catalina.core.StandardService - Starting service [Tomcat]
2020-09-28 12:27:02.838+0300 [main] INFO  o.a.catalina.core.StandardEngine - Starting Servlet engine: [Apache Tomcat/9.0.29]
2020-09-28 12:27:02.840+0300 [main] INFO  o.a.c.c.C.[Tomcat].[localhost].[/] - Initializing Spring embedded WebApplicationContext
2020-09-28 12:27:02.841+0300 [main] INFO  o.s.web.context.ContextLoader - Root WebApplicationContext: initialization completed in 332 ms
2020-09-28 12:27:02.928+0300 [main] INFO  o.h.jpa.internal.util.LogHelper - HHH000204: Processing PersistenceUnitInfo [name: default]
2020-09-28 12:27:02.932+0300 [main] INFO  com.zaxxer.hikari.HikariDataSource - HikariPool-5 - Starting...
2020-09-28 12:27:02.933+0300 [main] INFO  com.zaxxer.hikari.HikariDataSource - HikariPool-5 - Start completed.
2020-09-28 12:27:02.933+0300 [main] INFO  org.hibernate.dialect.Dialect - HHH000400: Using dialect: org.hibernate.dialect.H2Dialect
2020-09-28 12:27:03.030+0300 [main] INFO  o.h.e.t.j.p.i.JtaPlatformInitiator - HHH000490: Using JtaPlatform implementation: [org.hibernate.engine.transaction.jta.platform.internal.NoJtaPlatform]
2020-09-28 12:27:03.031+0300 [main] INFO  o.s.o.j.LocalContainerEntityManagerFactoryBean - Initialized JPA EntityManagerFactory for persistence unit 'default'
2020-09-28 12:27:03.211+0300 [main] WARN  o.s.b.a.o.j.JpaBaseConfiguration$JpaWebConfiguration - spring.jpa.open-in-view is enabled by default. Therefore, database queries may be performed during view rendering. Explicitly configure spring.jpa.open-in-view to disable this warning
2020-09-28 12:27:03.338+0300 [main] INFO  o.s.s.c.ThreadPoolTaskExecutor - Initializing ExecutorService 'applicationTaskExecutor'
2020-09-28 12:27:03.531+0300 [main] INFO  o.a.coyote.http11.Http11NioProtocol - Starting ProtocolHandler ["http-nio-auto-5"]
2020-09-28 12:27:03.533+0300 [main] INFO  o.s.b.w.e.tomcat.TomcatWebServer - Tomcat started on port(s): 41327 (http) with context path ''
2020-09-28 12:27:03.534+0300 [main] INFO  com.dpiliotis.hotel.broker.HotelsIT - Started HotelsIT in 1.086 seconds (JVM running for 13.212)
2020-09-28 12:27:03.559+0300 [http-nio-auto-5-exec-1] INFO  o.a.c.c.C.[Tomcat].[localhost].[/] - Initializing Spring DispatcherServlet 'dispatcherServlet'
2020-09-28 12:27:03.560+0300 [http-nio-auto-5-exec-1] INFO  o.s.web.servlet.DispatcherServlet - Initializing Servlet 'dispatcherServlet'
2020-09-28 12:27:03.578+0300 [http-nio-auto-5-exec-1] INFO  o.s.web.servlet.DispatcherServlet - Completed initialization in 18 ms
2020-09-28 12:27:03.592+0300 [http-nio-auto-5-exec-1] INFO  c.d.h.b.controller.HotelController - Create new hotel
2020-09-28 12:27:03.637+0300 [main] INFO  o.s.s.c.ThreadPoolTaskExecutor - Shutting down ExecutorService 'applicationTaskExecutor'
2020-09-28 12:27:03.641+0300 [main] INFO  o.s.o.j.LocalContainerEntityManagerFactoryBean - Closing JPA EntityManagerFactory for persistence unit 'default'
2020-09-28 12:27:03.652+0300 [main] INFO  com.zaxxer.hikari.HikariDataSource - HikariPool-5 - Shutdown initiated...
2020-09-28 12:27:03.669+0300 [main] INFO  com.zaxxer.hikari.HikariDataSource - HikariPool-5 - Shutdown completed.
2020-09-28 12:27:03.738+0300 [main] INFO  com.dpiliotis.hotel.broker.HotelsIT - Starting HotelsIT on athlp0318 with PID 23866 (started by dpilioti in /space/projects/RTLS/hotel-broker)
2020-09-28 12:27:03.739+0300 [main] INFO  com.dpiliotis.hotel.broker.HotelsIT - The following profiles are active: test,dev
2020-09-28 12:27:03.926+0300 [main] INFO  o.s.d.r.c.RepositoryConfigurationDelegate - Bootstrapping Spring Data JPA repositories in DEFAULT mode.
2020-09-28 12:27:03.943+0300 [main] INFO  o.s.d.r.c.RepositoryConfigurationDelegate - Finished Spring Data repository scanning in 16ms. Found 2 JPA repository interfaces.
2020-09-28 12:27:04.019+0300 [main] INFO  o.s.c.s.PostProcessorRegistrationDelegate$BeanPostProcessorChecker - Bean 'org.springframework.transaction.annotation.ProxyTransactionManagementConfiguration' of type [org.springframework.transaction.annotation.ProxyTransactionManagementConfiguration] is not eligible for getting processed by all BeanPostProcessors (for example: not eligible for auto-proxying)
2020-09-28 12:27:04.095+0300 [main] WARN  o.a.tomcat.util.modeler.Registry - The MBean registry cannot be disabled because it has already been initialised
2020-09-28 12:27:04.097+0300 [main] INFO  o.s.b.w.e.tomcat.TomcatWebServer - Tomcat initialized with port(s): 0 (http)
2020-09-28 12:27:04.098+0300 [main] INFO  o.a.coyote.http11.Http11NioProtocol - Initializing ProtocolHandler ["http-nio-auto-6"]
2020-09-28 12:27:04.099+0300 [main] INFO  o.a.catalina.core.StandardService - Starting service [Tomcat]
2020-09-28 12:27:04.099+0300 [main] INFO  o.a.catalina.core.StandardEngine - Starting Servlet engine: [Apache Tomcat/9.0.29]
2020-09-28 12:27:04.102+0300 [main] INFO  o.a.c.c.C.[Tomcat].[localhost].[/] - Initializing Spring embedded WebApplicationContext
2020-09-28 12:27:04.103+0300 [main] INFO  o.s.web.context.ContextLoader - Root WebApplicationContext: initialization completed in 361 ms
2020-09-28 12:27:04.203+0300 [main] INFO  o.h.jpa.internal.util.LogHelper - HHH000204: Processing PersistenceUnitInfo [name: default]
2020-09-28 12:27:04.207+0300 [main] INFO  com.zaxxer.hikari.HikariDataSource - HikariPool-6 - Starting...
2020-09-28 12:27:04.208+0300 [main] INFO  com.zaxxer.hikari.HikariDataSource - HikariPool-6 - Start completed.
2020-09-28 12:27:04.209+0300 [main] INFO  org.hibernate.dialect.Dialect - HHH000400: Using dialect: org.hibernate.dialect.H2Dialect
2020-09-28 12:27:04.291+0300 [main] INFO  o.h.e.t.j.p.i.JtaPlatformInitiator - HHH000490: Using JtaPlatform implementation: [org.hibernate.engine.transaction.jta.platform.internal.NoJtaPlatform]
2020-09-28 12:27:04.292+0300 [main] INFO  o.s.o.j.LocalContainerEntityManagerFactoryBean - Initialized JPA EntityManagerFactory for persistence unit 'default'
2020-09-28 12:27:04.436+0300 [main] WARN  o.s.b.a.o.j.JpaBaseConfiguration$JpaWebConfiguration - spring.jpa.open-in-view is enabled by default. Therefore, database queries may be performed during view rendering. Explicitly configure spring.jpa.open-in-view to disable this warning
2020-09-28 12:27:04.568+0300 [main] INFO  o.s.s.c.ThreadPoolTaskExecutor - Initializing ExecutorService 'applicationTaskExecutor'
2020-09-28 12:27:04.752+0300 [main] INFO  o.a.coyote.http11.Http11NioProtocol - Starting ProtocolHandler ["http-nio-auto-6"]
2020-09-28 12:27:04.767+0300 [main] INFO  o.s.b.w.e.tomcat.TomcatWebServer - Tomcat started on port(s): 40177 (http) with context path ''
2020-09-28 12:27:04.768+0300 [main] INFO  com.dpiliotis.hotel.broker.HotelsIT - Started HotelsIT in 1.085 seconds (JVM running for 14.446)
2020-09-28 12:27:04.788+0300 [http-nio-auto-6-exec-1] INFO  o.a.c.c.C.[Tomcat].[localhost].[/] - Initializing Spring DispatcherServlet 'dispatcherServlet'
2020-09-28 12:27:04.789+0300 [http-nio-auto-6-exec-1] INFO  o.s.web.servlet.DispatcherServlet - Initializing Servlet 'dispatcherServlet'
2020-09-28 12:27:04.804+0300 [http-nio-auto-6-exec-1] INFO  o.s.web.servlet.DispatcherServlet - Completed initialization in 15 ms
2020-09-28 12:27:04.828+0300 [http-nio-auto-6-exec-1] INFO  c.d.h.b.controller.HotelController - Request all hotels
2020-09-28 12:27:04.850+0300 [main] INFO  o.s.s.c.ThreadPoolTaskExecutor - Shutting down ExecutorService 'applicationTaskExecutor'
2020-09-28 12:27:04.851+0300 [main] INFO  o.s.o.j.LocalContainerEntityManagerFactoryBean - Closing JPA EntityManagerFactory for persistence unit 'default'
2020-09-28 12:27:04.852+0300 [main] INFO  com.zaxxer.hikari.HikariDataSource - HikariPool-6 - Shutdown initiated...
2020-09-28 12:27:04.861+0300 [main] INFO  com.zaxxer.hikari.HikariDataSource - HikariPool-6 - Shutdown completed.
2020-09-28 12:27:04.950+0300 [main] INFO  com.dpiliotis.hotel.broker.HotelsIT - Starting HotelsIT on athlp0318 with PID 23866 (started by dpilioti in /space/projects/RTLS/hotel-broker)
2020-09-28 12:27:04.952+0300 [main] INFO  com.dpiliotis.hotel.broker.HotelsIT - The following profiles are active: test,dev
2020-09-28 12:27:05.155+0300 [main] INFO  o.s.d.r.c.RepositoryConfigurationDelegate - Bootstrapping Spring Data JPA repositories in DEFAULT mode.
2020-09-28 12:27:05.173+0300 [main] INFO  o.s.d.r.c.RepositoryConfigurationDelegate - Finished Spring Data repository scanning in 17ms. Found 2 JPA repository interfaces.
2020-09-28 12:27:05.299+0300 [main] INFO  o.s.c.s.PostProcessorRegistrationDelegate$BeanPostProcessorChecker - Bean 'org.springframework.transaction.annotation.ProxyTransactionManagementConfiguration' of type [org.springframework.transaction.annotation.ProxyTransactionManagementConfiguration] is not eligible for getting processed by all BeanPostProcessors (for example: not eligible for auto-proxying)
2020-09-28 12:27:05.455+0300 [main] WARN  o.a.tomcat.util.modeler.Registry - The MBean registry cannot be disabled because it has already been initialised
2020-09-28 12:27:05.462+0300 [main] INFO  o.s.b.w.e.tomcat.TomcatWebServer - Tomcat initialized with port(s): 0 (http)
2020-09-28 12:27:05.466+0300 [main] INFO  o.a.coyote.http11.Http11NioProtocol - Initializing ProtocolHandler ["http-nio-auto-7"]
2020-09-28 12:27:05.467+0300 [main] INFO  o.a.catalina.core.StandardService - Starting service [Tomcat]
2020-09-28 12:27:05.471+0300 [main] INFO  o.a.catalina.core.StandardEngine - Starting Servlet engine: [Apache Tomcat/9.0.29]
2020-09-28 12:27:05.477+0300 [main] INFO  o.a.c.c.C.[Tomcat].[localhost].[/] - Initializing Spring embedded WebApplicationContext
2020-09-28 12:27:05.477+0300 [main] INFO  o.s.web.context.ContextLoader - Root WebApplicationContext: initialization completed in 521 ms
2020-09-28 12:27:05.698+0300 [main] INFO  o.h.jpa.internal.util.LogHelper - HHH000204: Processing PersistenceUnitInfo [name: default]
2020-09-28 12:27:05.746+0300 [main] INFO  com.zaxxer.hikari.HikariDataSource - HikariPool-7 - Starting...
2020-09-28 12:27:05.752+0300 [main] INFO  com.zaxxer.hikari.HikariDataSource - HikariPool-7 - Start completed.
2020-09-28 12:27:05.752+0300 [main] INFO  org.hibernate.dialect.Dialect - HHH000400: Using dialect: org.hibernate.dialect.H2Dialect
2020-09-28 12:27:05.837+0300 [main] INFO  o.h.e.t.j.p.i.JtaPlatformInitiator - HHH000490: Using JtaPlatform implementation: [org.hibernate.engine.transaction.jta.platform.internal.NoJtaPlatform]
2020-09-28 12:27:05.837+0300 [main] INFO  o.s.o.j.LocalContainerEntityManagerFactoryBean - Initialized JPA EntityManagerFactory for persistence unit 'default'
2020-09-28 12:27:06.086+0300 [main] WARN  o.s.b.a.o.j.JpaBaseConfiguration$JpaWebConfiguration - spring.jpa.open-in-view is enabled by default. Therefore, database queries may be performed during view rendering. Explicitly configure spring.jpa.open-in-view to disable this warning
2020-09-28 12:27:06.228+0300 [main] INFO  o.s.s.c.ThreadPoolTaskExecutor - Initializing ExecutorService 'applicationTaskExecutor'
2020-09-28 12:27:06.747+0300 [main] INFO  o.a.coyote.http11.Http11NioProtocol - Starting ProtocolHandler ["http-nio-auto-7"]
2020-09-28 12:27:06.874+0300 [main] INFO  o.s.b.w.e.tomcat.TomcatWebServer - Tomcat started on port(s): 46155 (http) with context path ''
2020-09-28 12:27:06.874+0300 [main] INFO  com.dpiliotis.hotel.broker.HotelsIT - Started HotelsIT in 1.997 seconds (JVM running for 16.552)
2020-09-28 12:27:06.913+0300 [http-nio-auto-7-exec-1] INFO  o.a.c.c.C.[Tomcat].[localhost].[/] - Initializing Spring DispatcherServlet 'dispatcherServlet'
2020-09-28 12:27:06.914+0300 [http-nio-auto-7-exec-1] INFO  o.s.web.servlet.DispatcherServlet - Initializing Servlet 'dispatcherServlet'
2020-09-28 12:27:06.940+0300 [http-nio-auto-7-exec-1] INFO  o.s.web.servlet.DispatcherServlet - Completed initialization in 26 ms
2020-09-28 12:27:06.956+0300 [http-nio-auto-7-exec-1] INFO  c.d.h.b.controller.HotelController - Request hotel with id: 1
2020-09-28 12:27:06.987+0300 [main] INFO  o.s.b.t.c.SpringBootTestContextBootstrapper - Neither @ContextConfiguration nor @ContextHierarchy found for test class [com.dpiliotis.hotel.broker.BookingsIT], using SpringBootContextLoader
2020-09-28 12:27:06.993+0300 [main] INFO  o.s.t.c.s.AbstractContextLoader - Could not detect default resource locations for test class [com.dpiliotis.hotel.broker.BookingsIT]: no resource found for suffixes {-context.xml, Context.groovy}.
2020-09-28 12:27:06.993+0300 [main] INFO  o.s.t.c.s.AnnotationConfigContextLoaderUtils - Could not detect default configuration classes for test class [com.dpiliotis.hotel.broker.BookingsIT]: BookingsIT does not declare any static, non-private, non-final, nested classes annotated with @Configuration.
2020-09-28 12:27:06.995+0300 [main] INFO  o.s.b.t.c.SpringBootTestContextBootstrapper - Found @SpringBootConfiguration com.dpiliotis.hotel.broker.App for test class com.dpiliotis.hotel.broker.BookingsIT
2020-09-28 12:27:06.996+0300 [main] INFO  o.s.b.t.c.SpringBootTestContextBootstrapper - Loaded default TestExecutionListener class names from location [META-INF/spring.factories]: [org.springframework.boot.test.mock.mockito.MockitoTestExecutionListener, org.springframework.boot.test.mock.mockito.ResetMocksTestExecutionListener, org.springframework.boot.test.autoconfigure.restdocs.RestDocsTestExecutionListener, org.springframework.boot.test.autoconfigure.web.client.MockRestServiceServerResetTestExecutionListener, org.springframework.boot.test.autoconfigure.web.servlet.MockMvcPrintOnlyOnFailureTestExecutionListener, org.springframework.boot.test.autoconfigure.web.servlet.WebDriverTestExecutionListener, org.springframework.test.context.web.ServletTestExecutionListener, org.springframework.test.context.support.DirtiesContextBeforeModesTestExecutionListener, org.springframework.test.context.support.DependencyInjectionTestExecutionListener, org.springframework.test.context.support.DirtiesContextTestExecutionListener, org.springframework.test.context.transaction.TransactionalTestExecutionListener, org.springframework.test.context.jdbc.SqlScriptsTestExecutionListener, org.springframework.test.context.event.EventPublishingTestExecutionListener]
2020-09-28 12:27:06.996+0300 [main] INFO  o.s.b.t.c.SpringBootTestContextBootstrapper - Using TestExecutionListeners: [org.springframework.test.context.web.ServletTestExecutionListener@18876fa9, org.springframework.test.context.support.DirtiesContextBeforeModesTestExecutionListener@5a110e7d, org.springframework.boot.test.mock.mockito.MockitoTestExecutionListener@b3cbc0e, org.springframework.boot.test.autoconfigure.SpringBootDependencyInjectionTestExecutionListener@66e27ac9, org.springframework.test.context.support.DirtiesContextTestExecutionListener@453bbb9b, org.springframework.test.context.transaction.TransactionalTestExecutionListener@170b27a7, org.springframework.test.context.jdbc.SqlScriptsTestExecutionListener@79392584, org.springframework.test.context.event.EventPublishingTestExecutionListener@cf82c58, org.springframework.boot.test.mock.mockito.ResetMocksTestExecutionListener@1407b93f, org.springframework.boot.test.autoconfigure.restdocs.RestDocsTestExecutionListener@5aff8207, org.springframework.boot.test.autoconfigure.web.client.MockRestServiceServerResetTestExecutionListener@6a5a99d9, org.springframework.boot.test.autoconfigure.web.servlet.MockMvcPrintOnlyOnFailureTestExecutionListener@278df226, org.springframework.boot.test.autoconfigure.web.servlet.WebDriverTestExecutionListener@eea69a9]
2020-09-28 12:27:07.018+0300 [main] INFO  o.s.s.c.ThreadPoolTaskExecutor - Shutting down ExecutorService 'applicationTaskExecutor'
2020-09-28 12:27:07.019+0300 [main] INFO  o.s.o.j.LocalContainerEntityManagerFactoryBean - Closing JPA EntityManagerFactory for persistence unit 'default'
2020-09-28 12:27:07.020+0300 [main] INFO  com.zaxxer.hikari.HikariDataSource - HikariPool-7 - Shutdown initiated...
2020-09-28 12:27:07.043+0300 [main] INFO  com.zaxxer.hikari.HikariDataSource - HikariPool-7 - Shutdown completed.
2020-09-28 12:27:07.206+0300 [main] INFO  c.dpiliotis.hotel.broker.BookingsIT - Starting BookingsIT on athlp0318 with PID 23866 (started by dpilioti in /space/projects/RTLS/hotel-broker)
2020-09-28 12:27:07.206+0300 [main] INFO  c.dpiliotis.hotel.broker.BookingsIT - The following profiles are active: test,dev
2020-09-28 12:27:07.505+0300 [main] INFO  o.s.d.r.c.RepositoryConfigurationDelegate - Bootstrapping Spring Data JPA repositories in DEFAULT mode.
2020-09-28 12:27:07.547+0300 [main] INFO  o.s.d.r.c.RepositoryConfigurationDelegate - Finished Spring Data repository scanning in 41ms. Found 2 JPA repository interfaces.
2020-09-28 12:27:07.741+0300 [main] INFO  o.s.c.s.PostProcessorRegistrationDelegate$BeanPostProcessorChecker - Bean 'org.springframework.transaction.annotation.ProxyTransactionManagementConfiguration' of type [org.springframework.transaction.annotation.ProxyTransactionManagementConfiguration] is not eligible for getting processed by all BeanPostProcessors (for example: not eligible for auto-proxying)
2020-09-28 12:27:07.975+0300 [main] WARN  o.a.tomcat.util.modeler.Registry - The MBean registry cannot be disabled because it has already been initialised
2020-09-28 12:27:08.012+0300 [main] INFO  o.s.b.w.e.tomcat.TomcatWebServer - Tomcat initialized with port(s): 0 (http)
2020-09-28 12:27:08.018+0300 [main] INFO  o.a.coyote.http11.Http11NioProtocol - Initializing ProtocolHandler ["http-nio-auto-8"]
2020-09-28 12:27:08.037+0300 [main] INFO  o.a.catalina.core.StandardService - Starting service [Tomcat]
2020-09-28 12:27:08.038+0300 [main] INFO  o.a.catalina.core.StandardEngine - Starting Servlet engine: [Apache Tomcat/9.0.29]
2020-09-28 12:27:08.062+0300 [main] INFO  o.a.c.c.C.[Tomcat].[localhost].[/] - Initializing Spring embedded WebApplicationContext
2020-09-28 12:27:08.111+0300 [main] INFO  o.s.web.context.ContextLoader - Root WebApplicationContext: initialization completed in 903 ms
2020-09-28 12:27:08.296+0300 [main] INFO  o.h.jpa.internal.util.LogHelper - HHH000204: Processing PersistenceUnitInfo [name: default]
2020-09-28 12:27:08.301+0300 [main] INFO  com.zaxxer.hikari.HikariDataSource - HikariPool-8 - Starting...
2020-09-28 12:27:08.333+0300 [main] INFO  com.zaxxer.hikari.HikariDataSource - HikariPool-8 - Start completed.
2020-09-28 12:27:08.334+0300 [main] INFO  org.hibernate.dialect.Dialect - HHH000400: Using dialect: org.hibernate.dialect.H2Dialect
2020-09-28 12:27:08.564+0300 [main] INFO  o.h.e.t.j.p.i.JtaPlatformInitiator - HHH000490: Using JtaPlatform implementation: [org.hibernate.engine.transaction.jta.platform.internal.NoJtaPlatform]
2020-09-28 12:27:08.574+0300 [main] INFO  o.s.o.j.LocalContainerEntityManagerFactoryBean - Initialized JPA EntityManagerFactory for persistence unit 'default'
2020-09-28 12:27:08.795+0300 [main] WARN  o.s.b.a.o.j.JpaBaseConfiguration$JpaWebConfiguration - spring.jpa.open-in-view is enabled by default. Therefore, database queries may be performed during view rendering. Explicitly configure spring.jpa.open-in-view to disable this warning
2020-09-28 12:27:08.905+0300 [main] INFO  o.s.s.c.ThreadPoolTaskExecutor - Initializing ExecutorService 'applicationTaskExecutor'
2020-09-28 12:27:09.114+0300 [main] INFO  o.a.coyote.http11.Http11NioProtocol - Starting ProtocolHandler ["http-nio-auto-8"]
2020-09-28 12:27:09.117+0300 [main] INFO  o.s.b.w.e.tomcat.TomcatWebServer - Tomcat started on port(s): 35781 (http) with context path ''
2020-09-28 12:27:09.118+0300 [main] INFO  c.dpiliotis.hotel.broker.BookingsIT - Started BookingsIT in 2.062 seconds (JVM running for 18.796)
2020-09-28 12:27:09.133+0300 [http-nio-auto-8-exec-1] INFO  o.a.c.c.C.[Tomcat].[localhost].[/] - Initializing Spring DispatcherServlet 'dispatcherServlet'
2020-09-28 12:27:09.136+0300 [http-nio-auto-8-exec-1] INFO  o.s.web.servlet.DispatcherServlet - Initializing Servlet 'dispatcherServlet'
2020-09-28 12:27:09.149+0300 [http-nio-auto-8-exec-1] INFO  o.s.web.servlet.DispatcherServlet - Completed initialization in 13 ms
2020-09-28 12:27:09.217+0300 [http-nio-auto-8-exec-1] INFO  c.d.h.b.controller.BookingController - Update booking with id: 11
2020-09-28 12:27:09.238+0300 [http-nio-auto-8-exec-1] ERROR c.d.h.b.c.ExceptionHandlerAdvice - Resource not found
com.dpiliotis.hotel.broker.exception.ResourceNotFound: Booking does not exist.
	at com.dpiliotis.hotel.broker.service.JpaBookingService.lambda$getBooking$0(JpaBookingService.java:35)
	at java.util.Optional.orElseThrow(Optional.java:290)
	at com.dpiliotis.hotel.broker.service.JpaBookingService.getBooking(JpaBookingService.java:35)
	at com.dpiliotis.hotel.broker.service.JpaBookingService.updateBooking(JpaBookingService.java:49)
	at com.dpiliotis.hotel.broker.service.JpaBookingService$$FastClassBySpringCGLIB$$31bedad5.invoke(<generated>)
	at org.springframework.cglib.proxy.MethodProxy.invoke(MethodProxy.java:218)
	at org.springframework.aop.framework.CglibAopProxy$CglibMethodInvocation.invokeJoinpoint(CglibAopProxy.java:769)
	at org.springframework.aop.framework.ReflectiveMethodInvocation.proceed(ReflectiveMethodInvocation.java:163)
	at org.springframework.aop.framework.CglibAopProxy$CglibMethodInvocation.proceed(CglibAopProxy.java:747)
	at org.springframework.transaction.interceptor.TransactionAspectSupport.invokeWithinTransaction(TransactionAspectSupport.java:366)
	at org.springframework.transaction.interceptor.TransactionInterceptor.invoke(TransactionInterceptor.java:99)
	at org.springframework.aop.framework.ReflectiveMethodInvocation.proceed(ReflectiveMethodInvocation.java:186)
	at org.springframework.aop.framework.CglibAopProxy$CglibMethodInvocation.proceed(CglibAopProxy.java:747)
	at org.springframework.aop.framework.CglibAopProxy$DynamicAdvisedInterceptor.intercept(CglibAopProxy.java:689)
	at com.dpiliotis.hotel.broker.service.JpaBookingService$$EnhancerBySpringCGLIB$$b66db629.updateBooking(<generated>)
	at com.dpiliotis.hotel.broker.controller.BookingController.updateBooking(BookingController.java:79)
	at com.dpiliotis.hotel.broker.controller.BookingController$$FastClassBySpringCGLIB$$8f88be6c.invoke(<generated>)
	at org.springframework.cglib.proxy.MethodProxy.invoke(MethodProxy.java:218)
	at org.springframework.aop.framework.CglibAopProxy$CglibMethodInvocation.invokeJoinpoint(CglibAopProxy.java:769)
	at org.springframework.aop.framework.ReflectiveMethodInvocation.proceed(ReflectiveMethodInvocation.java:163)
	at org.springframework.aop.framework.CglibAopProxy$CglibMethodInvocation.proceed(CglibAopProxy.java:747)
	at org.springframework.validation.beanvalidation.MethodValidationInterceptor.invoke(MethodValidationInterceptor.java:120)
	at org.springframework.aop.framework.ReflectiveMethodInvocation.proceed(ReflectiveMethodInvocation.java:186)
	at org.springframework.aop.framework.CglibAopProxy$CglibMethodInvocation.proceed(CglibAopProxy.java:747)
	at org.springframework.aop.framework.CglibAopProxy$DynamicAdvisedInterceptor.intercept(CglibAopProxy.java:689)
	at com.dpiliotis.hotel.broker.controller.BookingController$$EnhancerBySpringCGLIB$$4cf180e5.updateBooking(<generated>)
	at sun.reflect.NativeMethodAccessorImpl.invoke0(Native Method)
	at sun.reflect.NativeMethodAccessorImpl.invoke(NativeMethodAccessorImpl.java:62)
	at sun.reflect.DelegatingMethodAccessorImpl.invoke(DelegatingMethodAccessorImpl.java:43)
	at java.lang.reflect.Method.invoke(Method.java:498)
	at org.springframework.web.method.support.InvocableHandlerMethod.doInvoke(InvocableHandlerMethod.java:190)
	at org.springframework.web.method.support.InvocableHandlerMethod.invokeForRequest(InvocableHandlerMethod.java:138)
	at org.springframework.web.servlet.mvc.method.annotation.ServletInvocableHandlerMethod.invokeAndHandle(ServletInvocableHandlerMethod.java:106)
	at org.springframework.web.servlet.mvc.method.annotation.RequestMappingHandlerAdapter.invokeHandlerMethod(RequestMappingHandlerAdapter.java:888)
	at org.springframework.web.servlet.mvc.method.annotation.RequestMappingHandlerAdapter.handleInternal(RequestMappingHandlerAdapter.java:793)
	at org.springframework.web.servlet.mvc.method.AbstractHandlerMethodAdapter.handle(AbstractHandlerMethodAdapter.java:87)
	at org.springframework.web.servlet.DispatcherServlet.doDispatch(DispatcherServlet.java:1040)
	at org.springframework.web.servlet.DispatcherServlet.doService(DispatcherServlet.java:943)
	at org.springframework.web.servlet.FrameworkServlet.processRequest(FrameworkServlet.java:1006)
	at org.springframework.web.servlet.FrameworkServlet.doPut(FrameworkServlet.java:920)
	at javax.servlet.http.HttpServlet.service(HttpServlet.java:663)
	at org.springframework.web.servlet.FrameworkServlet.service(FrameworkServlet.java:883)
	at javax.servlet.http.HttpServlet.service(HttpServlet.java:741)
	at org.apache.catalina.core.ApplicationFilterChain.internalDoFilter(ApplicationFilterChain.java:231)
	at org.apache.catalina.core.ApplicationFilterChain.doFilter(ApplicationFilterChain.java:166)
	at org.apache.tomcat.websocket.server.WsFilter.doFilter(WsFilter.java:53)
	at org.apache.catalina.core.ApplicationFilterChain.internalDoFilter(ApplicationFilterChain.java:193)
	at org.apache.catalina.core.ApplicationFilterChain.doFilter(ApplicationFilterChain.java:166)
	at org.springframework.web.filter.RequestContextFilter.doFilterInternal(RequestContextFilter.java:100)
	at org.springframework.web.filter.OncePerRequestFilter.doFilter(OncePerRequestFilter.java:119)
	at org.apache.catalina.core.ApplicationFilterChain.internalDoFilter(ApplicationFilterChain.java:193)
	at org.apache.catalina.core.ApplicationFilterChain.doFilter(ApplicationFilterChain.java:166)
	at org.springframework.web.filter.FormContentFilter.doFilterInternal(FormContentFilter.java:93)
	at org.springframework.web.filter.OncePerRequestFilter.doFilter(OncePerRequestFilter.java:119)
	at org.apache.catalina.core.ApplicationFilterChain.internalDoFilter(ApplicationFilterChain.java:193)
	at org.apache.catalina.core.ApplicationFilterChain.doFilter(ApplicationFilterChain.java:166)
	at org.springframework.web.filter.CharacterEncodingFilter.doFilterInternal(CharacterEncodingFilter.java:201)
	at org.springframework.web.filter.OncePerRequestFilter.doFilter(OncePerRequestFilter.java:119)
	at org.apache.catalina.core.ApplicationFilterChain.internalDoFilter(ApplicationFilterChain.java:193)
	at org.apache.catalina.core.ApplicationFilterChain.doFilter(ApplicationFilterChain.java:166)
	at org.apache.catalina.core.StandardWrapperValve.invoke(StandardWrapperValve.java:202)
	at org.apache.catalina.core.StandardContextValve.invoke(StandardContextValve.java:96)
	at org.apache.catalina.authenticator.AuthenticatorBase.invoke(AuthenticatorBase.java:526)
	at org.apache.catalina.core.StandardHostValve.invoke(StandardHostValve.java:139)
	at org.apache.catalina.valves.ErrorReportValve.invoke(ErrorReportValve.java:92)
	at org.apache.catalina.core.StandardEngineValve.invoke(StandardEngineValve.java:74)
	at org.apache.catalina.connector.CoyoteAdapter.service(CoyoteAdapter.java:343)
	at org.apache.coyote.http11.Http11Processor.service(Http11Processor.java:367)
	at org.apache.coyote.AbstractProcessorLight.process(AbstractProcessorLight.java:65)
	at org.apache.coyote.AbstractProtocol$ConnectionHandler.process(AbstractProtocol.java:860)
	at org.apache.tomcat.util.net.NioEndpoint$SocketProcessor.doRun(NioEndpoint.java:1591)
	at org.apache.tomcat.util.net.SocketProcessorBase.run(SocketProcessorBase.java:49)
	at java.util.concurrent.ThreadPoolExecutor.runWorker(ThreadPoolExecutor.java:1149)
	at java.util.concurrent.ThreadPoolExecutor$Worker.run(ThreadPoolExecutor.java:624)
	at org.apache.tomcat.util.threads.TaskThread$WrappingRunnable.run(TaskThread.java:61)
	at java.lang.Thread.run(Thread.java:748)
2020-09-28 12:27:09.256+0300 [main] INFO  o.s.s.c.ThreadPoolTaskExecutor - Shutting down ExecutorService 'applicationTaskExecutor'
2020-09-28 12:27:09.257+0300 [main] INFO  o.s.o.j.LocalContainerEntityManagerFactoryBean - Closing JPA EntityManagerFactory for persistence unit 'default'
2020-09-28 12:27:09.257+0300 [main] INFO  com.zaxxer.hikari.HikariDataSource - HikariPool-8 - Shutdown initiated...
2020-09-28 12:27:09.269+0300 [main] INFO  com.zaxxer.hikari.HikariDataSource - HikariPool-8 - Shutdown completed.
2020-09-28 12:27:09.370+0300 [main] INFO  c.dpiliotis.hotel.broker.BookingsIT - Starting BookingsIT on athlp0318 with PID 23866 (started by dpilioti in /space/projects/RTLS/hotel-broker)
2020-09-28 12:27:09.371+0300 [main] INFO  c.dpiliotis.hotel.broker.BookingsIT - The following profiles are active: test,dev
2020-09-28 12:27:09.526+0300 [main] INFO  o.s.d.r.c.RepositoryConfigurationDelegate - Bootstrapping Spring Data JPA repositories in DEFAULT mode.
2020-09-28 12:27:09.537+0300 [main] INFO  o.s.d.r.c.RepositoryConfigurationDelegate - Finished Spring Data repository scanning in 9ms. Found 2 JPA repository interfaces.
2020-09-28 12:27:09.645+0300 [main] INFO  o.s.c.s.PostProcessorRegistrationDelegate$BeanPostProcessorChecker - Bean 'org.springframework.transaction.annotation.ProxyTransactionManagementConfiguration' of type [org.springframework.transaction.annotation.ProxyTransactionManagementConfiguration] is not eligible for getting processed by all BeanPostProcessors (for example: not eligible for auto-proxying)
2020-09-28 12:27:09.750+0300 [main] WARN  o.a.tomcat.util.modeler.Registry - The MBean registry cannot be disabled because it has already been initialised
2020-09-28 12:27:09.753+0300 [main] INFO  o.s.b.w.e.tomcat.TomcatWebServer - Tomcat initialized with port(s): 0 (http)
2020-09-28 12:27:09.754+0300 [main] INFO  o.a.coyote.http11.Http11NioProtocol - Initializing ProtocolHandler ["http-nio-auto-9"]
2020-09-28 12:27:09.755+0300 [main] INFO  o.a.catalina.core.StandardService - Starting service [Tomcat]
2020-09-28 12:27:09.756+0300 [main] INFO  o.a.catalina.core.StandardEngine - Starting Servlet engine: [Apache Tomcat/9.0.29]
2020-09-28 12:27:09.768+0300 [main] INFO  o.a.c.c.C.[Tomcat].[localhost].[/] - Initializing Spring embedded WebApplicationContext
2020-09-28 12:27:09.768+0300 [main] INFO  o.s.web.context.ContextLoader - Root WebApplicationContext: initialization completed in 395 ms
2020-09-28 12:27:09.900+0300 [main] INFO  o.h.jpa.internal.util.LogHelper - HHH000204: Processing PersistenceUnitInfo [name: default]
2020-09-28 12:27:09.970+0300 [main] INFO  com.zaxxer.hikari.HikariDataSource - HikariPool-9 - Starting...
2020-09-28 12:27:09.976+0300 [main] INFO  com.zaxxer.hikari.HikariDataSource - HikariPool-9 - Start completed.
2020-09-28 12:27:09.977+0300 [main] INFO  org.hibernate.dialect.Dialect - HHH000400: Using dialect: org.hibernate.dialect.H2Dialect
2020-09-28 12:27:10.090+0300 [main] INFO  o.h.e.t.j.p.i.JtaPlatformInitiator - HHH000490: Using JtaPlatform implementation: [org.hibernate.engine.transaction.jta.platform.internal.NoJtaPlatform]
2020-09-28 12:27:10.090+0300 [main] INFO  o.s.o.j.LocalContainerEntityManagerFactoryBean - Initialized JPA EntityManagerFactory for persistence unit 'default'
2020-09-28 12:27:10.265+0300 [main] WARN  o.s.b.a.o.j.JpaBaseConfiguration$JpaWebConfiguration - spring.jpa.open-in-view is enabled by default. Therefore, database queries may be performed during view rendering. Explicitly configure spring.jpa.open-in-view to disable this warning
2020-09-28 12:27:10.401+0300 [main] INFO  o.s.s.c.ThreadPoolTaskExecutor - Initializing ExecutorService 'applicationTaskExecutor'
2020-09-28 12:27:10.630+0300 [main] INFO  o.a.coyote.http11.Http11NioProtocol - Starting ProtocolHandler ["http-nio-auto-9"]
2020-09-28 12:27:10.721+0300 [main] INFO  o.s.b.w.e.tomcat.TomcatWebServer - Tomcat started on port(s): 44007 (http) with context path ''
2020-09-28 12:27:10.722+0300 [main] INFO  c.dpiliotis.hotel.broker.BookingsIT - Started BookingsIT in 1.43 seconds (JVM running for 20.4)
2020-09-28 12:27:10.754+0300 [http-nio-auto-9-exec-1] INFO  o.a.c.c.C.[Tomcat].[localhost].[/] - Initializing Spring DispatcherServlet 'dispatcherServlet'
2020-09-28 12:27:10.755+0300 [http-nio-auto-9-exec-1] INFO  o.s.web.servlet.DispatcherServlet - Initializing Servlet 'dispatcherServlet'
2020-09-28 12:27:10.763+0300 [http-nio-auto-9-exec-1] INFO  o.s.web.servlet.DispatcherServlet - Completed initialization in 8 ms
2020-09-28 12:27:10.778+0300 [http-nio-auto-9-exec-1] INFO  c.d.h.b.controller.BookingController - Request price amounts for hotel with id: 1
2020-09-28 12:27:10.823+0300 [main] INFO  o.s.s.c.ThreadPoolTaskExecutor - Shutting down ExecutorService 'applicationTaskExecutor'
2020-09-28 12:27:10.823+0300 [main] INFO  o.s.o.j.LocalContainerEntityManagerFactoryBean - Closing JPA EntityManagerFactory for persistence unit 'default'
2020-09-28 12:27:10.824+0300 [main] INFO  com.zaxxer.hikari.HikariDataSource - HikariPool-9 - Shutdown initiated...
2020-09-28 12:27:10.849+0300 [main] INFO  com.zaxxer.hikari.HikariDataSource - HikariPool-9 - Shutdown completed.
2020-09-28 12:27:10.926+0300 [main] INFO  c.dpiliotis.hotel.broker.BookingsIT - Starting BookingsIT on athlp0318 with PID 23866 (started by dpilioti in /space/projects/RTLS/hotel-broker)
2020-09-28 12:27:10.926+0300 [main] INFO  c.dpiliotis.hotel.broker.BookingsIT - The following profiles are active: test,dev
2020-09-28 12:27:11.094+0300 [main] INFO  o.s.d.r.c.RepositoryConfigurationDelegate - Bootstrapping Spring Data JPA repositories in DEFAULT mode.
2020-09-28 12:27:11.115+0300 [main] INFO  o.s.d.r.c.RepositoryConfigurationDelegate - Finished Spring Data repository scanning in 21ms. Found 2 JPA repository interfaces.
2020-09-28 12:27:11.186+0300 [main] INFO  o.s.c.s.PostProcessorRegistrationDelegate$BeanPostProcessorChecker - Bean 'org.springframework.transaction.annotation.ProxyTransactionManagementConfiguration' of type [org.springframework.transaction.annotation.ProxyTransactionManagementConfiguration] is not eligible for getting processed by all BeanPostProcessors (for example: not eligible for auto-proxying)
2020-09-28 12:27:11.273+0300 [main] WARN  o.a.tomcat.util.modeler.Registry - The MBean registry cannot be disabled because it has already been initialised
2020-09-28 12:27:11.275+0300 [main] INFO  o.s.b.w.e.tomcat.TomcatWebServer - Tomcat initialized with port(s): 0 (http)
2020-09-28 12:27:11.276+0300 [main] INFO  o.a.coyote.http11.Http11NioProtocol - Initializing ProtocolHandler ["http-nio-auto-10"]
2020-09-28 12:27:11.282+0300 [main] INFO  o.a.catalina.core.StandardService - Starting service [Tomcat]
2020-09-28 12:27:11.283+0300 [main] INFO  o.a.catalina.core.StandardEngine - Starting Servlet engine: [Apache Tomcat/9.0.29]
2020-09-28 12:27:11.286+0300 [main] INFO  o.a.c.c.C.[Tomcat].[localhost].[/] - Initializing Spring embedded WebApplicationContext
2020-09-28 12:27:11.288+0300 [main] INFO  o.s.web.context.ContextLoader - Root WebApplicationContext: initialization completed in 360 ms
2020-09-28 12:27:11.433+0300 [main] INFO  o.h.jpa.internal.util.LogHelper - HHH000204: Processing PersistenceUnitInfo [name: default]
2020-09-28 12:27:11.438+0300 [main] INFO  com.zaxxer.hikari.HikariDataSource - HikariPool-10 - Starting...
2020-09-28 12:27:11.442+0300 [main] INFO  com.zaxxer.hikari.HikariDataSource - HikariPool-10 - Start completed.
2020-09-28 12:27:11.443+0300 [main] INFO  org.hibernate.dialect.Dialect - HHH000400: Using dialect: org.hibernate.dialect.H2Dialect
2020-09-28 12:27:11.519+0300 [main] INFO  o.h.e.t.j.p.i.JtaPlatformInitiator - HHH000490: Using JtaPlatform implementation: [org.hibernate.engine.transaction.jta.platform.internal.NoJtaPlatform]
2020-09-28 12:27:11.519+0300 [main] INFO  o.s.o.j.LocalContainerEntityManagerFactoryBean - Initialized JPA EntityManagerFactory for persistence unit 'default'
2020-09-28 12:27:11.679+0300 [main] WARN  o.s.b.a.o.j.JpaBaseConfiguration$JpaWebConfiguration - spring.jpa.open-in-view is enabled by default. Therefore, database queries may be performed during view rendering. Explicitly configure spring.jpa.open-in-view to disable this warning
2020-09-28 12:27:11.788+0300 [main] INFO  o.s.s.c.ThreadPoolTaskExecutor - Initializing ExecutorService 'applicationTaskExecutor'
2020-09-28 12:27:11.981+0300 [main] INFO  o.a.coyote.http11.Http11NioProtocol - Starting ProtocolHandler ["http-nio-auto-10"]
2020-09-28 12:27:11.983+0300 [main] INFO  o.s.b.w.e.tomcat.TomcatWebServer - Tomcat started on port(s): 44769 (http) with context path ''
2020-09-28 12:27:11.984+0300 [main] INFO  c.dpiliotis.hotel.broker.BookingsIT - Started BookingsIT in 1.112 seconds (JVM running for 21.662)
2020-09-28 12:27:12.016+0300 [http-nio-auto-10-exec-1] INFO  o.a.c.c.C.[Tomcat].[localhost].[/] - Initializing Spring DispatcherServlet 'dispatcherServlet'
2020-09-28 12:27:12.017+0300 [http-nio-auto-10-exec-1] INFO  o.s.web.servlet.DispatcherServlet - Initializing Servlet 'dispatcherServlet'
2020-09-28 12:27:12.027+0300 [http-nio-auto-10-exec-1] INFO  o.s.web.servlet.DispatcherServlet - Completed initialization in 10 ms
2020-09-28 12:27:12.042+0300 [http-nio-auto-10-exec-1] INFO  c.d.h.b.controller.BookingController - Retrieve booking with id: 1
2020-09-28 12:27:12.110+0300 [main] INFO  o.s.s.c.ThreadPoolTaskExecutor - Shutting down ExecutorService 'applicationTaskExecutor'
2020-09-28 12:27:12.112+0300 [main] INFO  o.s.o.j.LocalContainerEntityManagerFactoryBean - Closing JPA EntityManagerFactory for persistence unit 'default'
2020-09-28 12:27:12.113+0300 [main] INFO  com.zaxxer.hikari.HikariDataSource - HikariPool-10 - Shutdown initiated...
2020-09-28 12:27:12.115+0300 [main] INFO  com.zaxxer.hikari.HikariDataSource - HikariPool-10 - Shutdown completed.
2020-09-28 12:27:12.204+0300 [main] INFO  c.dpiliotis.hotel.broker.BookingsIT - Starting BookingsIT on athlp0318 with PID 23866 (started by dpilioti in /space/projects/RTLS/hotel-broker)
2020-09-28 12:27:12.204+0300 [main] INFO  c.dpiliotis.hotel.broker.BookingsIT - The following profiles are active: test,dev
2020-09-28 12:27:12.336+0300 [main] INFO  o.s.d.r.c.RepositoryConfigurationDelegate - Bootstrapping Spring Data JPA repositories in DEFAULT mode.
2020-09-28 12:27:12.346+0300 [main] INFO  o.s.d.r.c.RepositoryConfigurationDelegate - Finished Spring Data repository scanning in 9ms. Found 2 JPA repository interfaces.
2020-09-28 12:27:12.427+0300 [main] INFO  o.s.c.s.PostProcessorRegistrationDelegate$BeanPostProcessorChecker - Bean 'org.springframework.transaction.annotation.ProxyTransactionManagementConfiguration' of type [org.springframework.transaction.annotation.ProxyTransactionManagementConfiguration] is not eligible for getting processed by all BeanPostProcessors (for example: not eligible for auto-proxying)
2020-09-28 12:27:12.538+0300 [main] WARN  o.a.tomcat.util.modeler.Registry - The MBean registry cannot be disabled because it has already been initialised
2020-09-28 12:27:12.546+0300 [main] INFO  o.s.b.w.e.tomcat.TomcatWebServer - Tomcat initialized with port(s): 0 (http)
2020-09-28 12:27:12.547+0300 [main] INFO  o.a.coyote.http11.Http11NioProtocol - Initializing ProtocolHandler ["http-nio-auto-11"]
2020-09-28 12:27:12.548+0300 [main] INFO  o.a.catalina.core.StandardService - Starting service [Tomcat]
2020-09-28 12:27:12.549+0300 [main] INFO  o.a.catalina.core.StandardEngine - Starting Servlet engine: [Apache Tomcat/9.0.29]
2020-09-28 12:27:12.551+0300 [main] INFO  o.a.c.c.C.[Tomcat].[localhost].[/] - Initializing Spring embedded WebApplicationContext
2020-09-28 12:27:12.552+0300 [main] INFO  o.s.web.context.ContextLoader - Root WebApplicationContext: initialization completed in 346 ms
2020-09-28 12:27:12.704+0300 [main] INFO  o.h.jpa.internal.util.LogHelper - HHH000204: Processing PersistenceUnitInfo [name: default]
2020-09-28 12:27:12.711+0300 [main] INFO  com.zaxxer.hikari.HikariDataSource - HikariPool-11 - Starting...
2020-09-28 12:27:12.713+0300 [main] INFO  com.zaxxer.hikari.HikariDataSource - HikariPool-11 - Start completed.
2020-09-28 12:27:12.713+0300 [main] INFO  org.hibernate.dialect.Dialect - HHH000400: Using dialect: org.hibernate.dialect.H2Dialect
2020-09-28 12:27:12.810+0300 [main] INFO  o.h.e.t.j.p.i.JtaPlatformInitiator - HHH000490: Using JtaPlatform implementation: [org.hibernate.engine.transaction.jta.platform.internal.NoJtaPlatform]
2020-09-28 12:27:12.811+0300 [main] INFO  o.s.o.j.LocalContainerEntityManagerFactoryBean - Initialized JPA EntityManagerFactory for persistence unit 'default'
2020-09-28 12:27:12.967+0300 [main] WARN  o.s.b.a.o.j.JpaBaseConfiguration$JpaWebConfiguration - spring.jpa.open-in-view is enabled by default. Therefore, database queries may be performed during view rendering. Explicitly configure spring.jpa.open-in-view to disable this warning
2020-09-28 12:27:13.073+0300 [main] INFO  o.s.s.c.ThreadPoolTaskExecutor - Initializing ExecutorService 'applicationTaskExecutor'
2020-09-28 12:27:13.248+0300 [main] INFO  o.a.coyote.http11.Http11NioProtocol - Starting ProtocolHandler ["http-nio-auto-11"]
2020-09-28 12:27:13.271+0300 [main] INFO  o.s.b.w.e.tomcat.TomcatWebServer - Tomcat started on port(s): 37591 (http) with context path ''
2020-09-28 12:27:13.272+0300 [main] INFO  c.dpiliotis.hotel.broker.BookingsIT - Started BookingsIT in 1.132 seconds (JVM running for 22.95)
2020-09-28 12:27:13.283+0300 [http-nio-auto-11-exec-1] INFO  o.a.c.c.C.[Tomcat].[localhost].[/] - Initializing Spring DispatcherServlet 'dispatcherServlet'
2020-09-28 12:27:13.285+0300 [http-nio-auto-11-exec-1] INFO  o.s.web.servlet.DispatcherServlet - Initializing Servlet 'dispatcherServlet'
2020-09-28 12:27:13.295+0300 [http-nio-auto-11-exec-1] INFO  o.s.web.servlet.DispatcherServlet - Completed initialization in 9 ms
2020-09-28 12:27:13.342+0300 [http-nio-auto-11-exec-1] ERROR c.d.h.b.c.ExceptionHandlerAdvice - Invalid request
org.springframework.web.bind.MethodArgumentNotValidException: Validation failed for argument [1] in public com.dpiliotis.hotel.broker.dto.ApiResponse<com.dpiliotis.hotel.broker.dto.BookingDto> com.dpiliotis.hotel.broker.controller.BookingController.updateBooking(java.lang.Long,com.dpiliotis.hotel.broker.dto.BookingDto) with 2 errors: [Field error in object 'bookingDto' on field 'price': rejected value [null]; codes [NotNull.bookingDto.price,NotNull.price,NotNull.com.dpiliotis.hotel.broker.dto.PriceDto,NotNull]; arguments [org.springframework.context.support.DefaultMessageSourceResolvable: codes [bookingDto.price,price]; arguments []; default message [price]]; default message [must not be null]] [Field error in object 'bookingDto' on field 'hotel': rejected value [null]; codes [NotNull.bookingDto.hotel,NotNull.hotel,NotNull.com.dpiliotis.hotel.broker.dto.HotelDto,NotNull]; arguments [org.springframework.context.support.DefaultMessageSourceResolvable: codes [bookingDto.hotel,hotel]; arguments []; default message [hotel]]; default message [must not be null]] 
	at org.springframework.web.servlet.mvc.method.annotation.RequestResponseBodyMethodProcessor.resolveArgument(RequestResponseBodyMethodProcessor.java:139)
	at org.springframework.web.method.support.HandlerMethodArgumentResolverComposite.resolveArgument(HandlerMethodArgumentResolverComposite.java:121)
	at org.springframework.web.method.support.InvocableHandlerMethod.getMethodArgumentValues(InvocableHandlerMethod.java:167)
	at org.springframework.web.method.support.InvocableHandlerMethod.invokeForRequest(InvocableHandlerMethod.java:134)
	at org.springframework.web.servlet.mvc.method.annotation.ServletInvocableHandlerMethod.invokeAndHandle(ServletInvocableHandlerMethod.java:106)
	at org.springframework.web.servlet.mvc.method.annotation.RequestMappingHandlerAdapter.invokeHandlerMethod(RequestMappingHandlerAdapter.java:888)
	at org.springframework.web.servlet.mvc.method.annotation.RequestMappingHandlerAdapter.handleInternal(RequestMappingHandlerAdapter.java:793)
	at org.springframework.web.servlet.mvc.method.AbstractHandlerMethodAdapter.handle(AbstractHandlerMethodAdapter.java:87)
	at org.springframework.web.servlet.DispatcherServlet.doDispatch(DispatcherServlet.java:1040)
	at org.springframework.web.servlet.DispatcherServlet.doService(DispatcherServlet.java:943)
	at org.springframework.web.servlet.FrameworkServlet.processRequest(FrameworkServlet.java:1006)
	at org.springframework.web.servlet.FrameworkServlet.doPut(FrameworkServlet.java:920)
	at javax.servlet.http.HttpServlet.service(HttpServlet.java:663)
	at org.springframework.web.servlet.FrameworkServlet.service(FrameworkServlet.java:883)
	at javax.servlet.http.HttpServlet.service(HttpServlet.java:741)
	at org.apache.catalina.core.ApplicationFilterChain.internalDoFilter(ApplicationFilterChain.java:231)
	at org.apache.catalina.core.ApplicationFilterChain.doFilter(ApplicationFilterChain.java:166)
	at org.apache.tomcat.websocket.server.WsFilter.doFilter(WsFilter.java:53)
	at org.apache.catalina.core.ApplicationFilterChain.internalDoFilter(ApplicationFilterChain.java:193)
	at org.apache.catalina.core.ApplicationFilterChain.doFilter(ApplicationFilterChain.java:166)
	at org.springframework.web.filter.RequestContextFilter.doFilterInternal(RequestContextFilter.java:100)
	at org.springframework.web.filter.OncePerRequestFilter.doFilter(OncePerRequestFilter.java:119)
	at org.apache.catalina.core.ApplicationFilterChain.internalDoFilter(ApplicationFilterChain.java:193)
	at org.apache.catalina.core.ApplicationFilterChain.doFilter(ApplicationFilterChain.java:166)
	at org.springframework.web.filter.FormContentFilter.doFilterInternal(FormContentFilter.java:93)
	at org.springframework.web.filter.OncePerRequestFilter.doFilter(OncePerRequestFilter.java:119)
	at org.apache.catalina.core.ApplicationFilterChain.internalDoFilter(ApplicationFilterChain.java:193)
	at org.apache.catalina.core.ApplicationFilterChain.doFilter(ApplicationFilterChain.java:166)
	at org.springframework.web.filter.CharacterEncodingFilter.doFilterInternal(CharacterEncodingFilter.java:201)
	at org.springframework.web.filter.OncePerRequestFilter.doFilter(OncePerRequestFilter.java:119)
	at org.apache.catalina.core.ApplicationFilterChain.internalDoFilter(ApplicationFilterChain.java:193)
	at org.apache.catalina.core.ApplicationFilterChain.doFilter(ApplicationFilterChain.java:166)
	at org.apache.catalina.core.StandardWrapperValve.invoke(StandardWrapperValve.java:202)
	at org.apache.catalina.core.StandardContextValve.invoke(StandardContextValve.java:96)
	at org.apache.catalina.authenticator.AuthenticatorBase.invoke(AuthenticatorBase.java:526)
	at org.apache.catalina.core.StandardHostValve.invoke(StandardHostValve.java:139)
	at org.apache.catalina.valves.ErrorReportValve.invoke(ErrorReportValve.java:92)
	at org.apache.catalina.core.StandardEngineValve.invoke(StandardEngineValve.java:74)
	at org.apache.catalina.connector.CoyoteAdapter.service(CoyoteAdapter.java:343)
	at org.apache.coyote.http11.Http11Processor.service(Http11Processor.java:367)
	at org.apache.coyote.AbstractProcessorLight.process(AbstractProcessorLight.java:65)
	at org.apache.coyote.AbstractProtocol$ConnectionHandler.process(AbstractProtocol.java:860)
	at org.apache.tomcat.util.net.NioEndpoint$SocketProcessor.doRun(NioEndpoint.java:1591)
	at org.apache.tomcat.util.net.SocketProcessorBase.run(SocketProcessorBase.java:49)
	at java.util.concurrent.ThreadPoolExecutor.runWorker(ThreadPoolExecutor.java:1149)
	at java.util.concurrent.ThreadPoolExecutor$Worker.run(ThreadPoolExecutor.java:624)
	at org.apache.tomcat.util.threads.TaskThread$WrappingRunnable.run(TaskThread.java:61)
	at java.lang.Thread.run(Thread.java:748)
2020-09-28 12:27:13.399+0300 [main] INFO  o.s.s.c.ThreadPoolTaskExecutor - Shutting down ExecutorService 'applicationTaskExecutor'
2020-09-28 12:27:13.403+0300 [main] INFO  o.s.o.j.LocalContainerEntityManagerFactoryBean - Closing JPA EntityManagerFactory for persistence unit 'default'
2020-09-28 12:27:13.404+0300 [main] INFO  com.zaxxer.hikari.HikariDataSource - HikariPool-11 - Shutdown initiated...
2020-09-28 12:27:13.410+0300 [main] INFO  com.zaxxer.hikari.HikariDataSource - HikariPool-11 - Shutdown completed.
2020-09-28 12:27:13.488+0300 [main] INFO  c.dpiliotis.hotel.broker.BookingsIT - Starting BookingsIT on athlp0318 with PID 23866 (started by dpilioti in /space/projects/RTLS/hotel-broker)
2020-09-28 12:27:13.488+0300 [main] INFO  c.dpiliotis.hotel.broker.BookingsIT - The following profiles are active: test,dev
2020-09-28 12:27:13.622+0300 [main] INFO  o.s.d.r.c.RepositoryConfigurationDelegate - Bootstrapping Spring Data JPA repositories in DEFAULT mode.
2020-09-28 12:27:13.643+0300 [main] INFO  o.s.d.r.c.RepositoryConfigurationDelegate - Finished Spring Data repository scanning in 7ms. Found 2 JPA repository interfaces.
2020-09-28 12:27:13.707+0300 [main] INFO  o.s.c.s.PostProcessorRegistrationDelegate$BeanPostProcessorChecker - Bean 'org.springframework.transaction.annotation.ProxyTransactionManagementConfiguration' of type [org.springframework.transaction.annotation.ProxyTransactionManagementConfiguration] is not eligible for getting processed by all BeanPostProcessors (for example: not eligible for auto-proxying)
2020-09-28 12:27:13.790+0300 [main] WARN  o.a.tomcat.util.modeler.Registry - The MBean registry cannot be disabled because it has already been initialised
2020-09-28 12:27:13.792+0300 [main] INFO  o.s.b.w.e.tomcat.TomcatWebServer - Tomcat initialized with port(s): 0 (http)
2020-09-28 12:27:13.793+0300 [main] INFO  o.a.coyote.http11.Http11NioProtocol - Initializing ProtocolHandler ["http-nio-auto-12"]
2020-09-28 12:27:13.793+0300 [main] INFO  o.a.catalina.core.StandardService - Starting service [Tomcat]
2020-09-28 12:27:13.793+0300 [main] INFO  o.a.catalina.core.StandardEngine - Starting Servlet engine: [Apache Tomcat/9.0.29]
2020-09-28 12:27:13.797+0300 [main] INFO  o.a.c.c.C.[Tomcat].[localhost].[/] - Initializing Spring embedded WebApplicationContext
2020-09-28 12:27:13.797+0300 [main] INFO  o.s.web.context.ContextLoader - Root WebApplicationContext: initialization completed in 307 ms
2020-09-28 12:27:13.880+0300 [main] INFO  o.h.jpa.internal.util.LogHelper - HHH000204: Processing PersistenceUnitInfo [name: default]
2020-09-28 12:27:13.883+0300 [main] INFO  com.zaxxer.hikari.HikariDataSource - HikariPool-12 - Starting...
2020-09-28 12:27:13.886+0300 [main] INFO  com.zaxxer.hikari.HikariDataSource - HikariPool-12 - Start completed.
2020-09-28 12:27:13.887+0300 [main] INFO  org.hibernate.dialect.Dialect - HHH000400: Using dialect: org.hibernate.dialect.H2Dialect
2020-09-28 12:27:13.966+0300 [main] INFO  o.h.e.t.j.p.i.JtaPlatformInitiator - HHH000490: Using JtaPlatform implementation: [org.hibernate.engine.transaction.jta.platform.internal.NoJtaPlatform]
2020-09-28 12:27:13.967+0300 [main] INFO  o.s.o.j.LocalContainerEntityManagerFactoryBean - Initialized JPA EntityManagerFactory for persistence unit 'default'
2020-09-28 12:27:14.108+0300 [main] WARN  o.s.b.a.o.j.JpaBaseConfiguration$JpaWebConfiguration - spring.jpa.open-in-view is enabled by default. Therefore, database queries may be performed during view rendering. Explicitly configure spring.jpa.open-in-view to disable this warning
2020-09-28 12:27:14.274+0300 [main] INFO  o.s.s.c.ThreadPoolTaskExecutor - Initializing ExecutorService 'applicationTaskExecutor'
2020-09-28 12:27:14.459+0300 [main] INFO  o.a.coyote.http11.Http11NioProtocol - Starting ProtocolHandler ["http-nio-auto-12"]
2020-09-28 12:27:14.467+0300 [main] INFO  o.s.b.w.e.tomcat.TomcatWebServer - Tomcat started on port(s): 46797 (http) with context path ''
2020-09-28 12:27:14.468+0300 [main] INFO  c.dpiliotis.hotel.broker.BookingsIT - Started BookingsIT in 1.041 seconds (JVM running for 24.146)
2020-09-28 12:27:14.496+0300 [http-nio-auto-12-exec-1] INFO  o.a.c.c.C.[Tomcat].[localhost].[/] - Initializing Spring DispatcherServlet 'dispatcherServlet'
2020-09-28 12:27:14.497+0300 [http-nio-auto-12-exec-1] INFO  o.s.web.servlet.DispatcherServlet - Initializing Servlet 'dispatcherServlet'
2020-09-28 12:27:14.505+0300 [http-nio-auto-12-exec-1] INFO  o.s.web.servlet.DispatcherServlet - Completed initialization in 8 ms
2020-09-28 12:27:14.520+0300 [http-nio-auto-12-exec-1] INFO  c.d.h.b.controller.BookingController - Update booking with id: 1
2020-09-28 12:27:14.589+0300 [main] INFO  o.s.s.c.ThreadPoolTaskExecutor - Shutting down ExecutorService 'applicationTaskExecutor'
2020-09-28 12:27:14.589+0300 [main] INFO  o.s.o.j.LocalContainerEntityManagerFactoryBean - Closing JPA EntityManagerFactory for persistence unit 'default'
2020-09-28 12:27:14.589+0300 [main] INFO  com.zaxxer.hikari.HikariDataSource - HikariPool-12 - Shutdown initiated...
2020-09-28 12:27:14.615+0300 [main] INFO  com.zaxxer.hikari.HikariDataSource - HikariPool-12 - Shutdown completed.
2020-09-28 12:27:14.745+0300 [main] INFO  c.dpiliotis.hotel.broker.BookingsIT - Starting BookingsIT on athlp0318 with PID 23866 (started by dpilioti in /space/projects/RTLS/hotel-broker)
2020-09-28 12:27:14.745+0300 [main] INFO  c.dpiliotis.hotel.broker.BookingsIT - The following profiles are active: test,dev
2020-09-28 12:27:14.910+0300 [main] INFO  o.s.d.r.c.RepositoryConfigurationDelegate - Bootstrapping Spring Data JPA repositories in DEFAULT mode.
2020-09-28 12:27:14.922+0300 [main] INFO  o.s.d.r.c.RepositoryConfigurationDelegate - Finished Spring Data repository scanning in 12ms. Found 2 JPA repository interfaces.
2020-09-28 12:27:14.987+0300 [main] INFO  o.s.c.s.PostProcessorRegistrationDelegate$BeanPostProcessorChecker - Bean 'org.springframework.transaction.annotation.ProxyTransactionManagementConfiguration' of type [org.springframework.transaction.annotation.ProxyTransactionManagementConfiguration] is not eligible for getting processed by all BeanPostProcessors (for example: not eligible for auto-proxying)
2020-09-28 12:27:15.112+0300 [main] WARN  o.a.tomcat.util.modeler.Registry - The MBean registry cannot be disabled because it has already been initialised
2020-09-28 12:27:15.114+0300 [main] INFO  o.s.b.w.e.tomcat.TomcatWebServer - Tomcat initialized with port(s): 0 (http)
2020-09-28 12:27:15.115+0300 [main] INFO  o.a.coyote.http11.Http11NioProtocol - Initializing ProtocolHandler ["http-nio-auto-13"]
2020-09-28 12:27:15.115+0300 [main] INFO  o.a.catalina.core.StandardService - Starting service [Tomcat]
2020-09-28 12:27:15.115+0300 [main] INFO  o.a.catalina.core.StandardEngine - Starting Servlet engine: [Apache Tomcat/9.0.29]
2020-09-28 12:27:15.117+0300 [main] INFO  o.a.c.c.C.[Tomcat].[localhost].[/] - Initializing Spring embedded WebApplicationContext
2020-09-28 12:27:15.117+0300 [main] INFO  o.s.web.context.ContextLoader - Root WebApplicationContext: initialization completed in 370 ms
2020-09-28 12:27:15.205+0300 [main] INFO  o.h.jpa.internal.util.LogHelper - HHH000204: Processing PersistenceUnitInfo [name: default]
2020-09-28 12:27:15.209+0300 [main] INFO  com.zaxxer.hikari.HikariDataSource - HikariPool-13 - Starting...
2020-09-28 12:27:15.210+0300 [main] INFO  com.zaxxer.hikari.HikariDataSource - HikariPool-13 - Start completed.
2020-09-28 12:27:15.211+0300 [main] INFO  org.hibernate.dialect.Dialect - HHH000400: Using dialect: org.hibernate.dialect.H2Dialect
2020-09-28 12:27:15.262+0300 [main] INFO  o.h.e.t.j.p.i.JtaPlatformInitiator - HHH000490: Using JtaPlatform implementation: [org.hibernate.engine.transaction.jta.platform.internal.NoJtaPlatform]
2020-09-28 12:27:15.263+0300 [main] INFO  o.s.o.j.LocalContainerEntityManagerFactoryBean - Initialized JPA EntityManagerFactory for persistence unit 'default'
2020-09-28 12:27:15.391+0300 [main] WARN  o.s.b.a.o.j.JpaBaseConfiguration$JpaWebConfiguration - spring.jpa.open-in-view is enabled by default. Therefore, database queries may be performed during view rendering. Explicitly configure spring.jpa.open-in-view to disable this warning
2020-09-28 12:27:15.489+0300 [main] INFO  o.s.s.c.ThreadPoolTaskExecutor - Initializing ExecutorService 'applicationTaskExecutor'
2020-09-28 12:27:15.650+0300 [main] INFO  o.a.coyote.http11.Http11NioProtocol - Starting ProtocolHandler ["http-nio-auto-13"]
2020-09-28 12:27:15.669+0300 [main] INFO  o.s.b.w.e.tomcat.TomcatWebServer - Tomcat started on port(s): 39777 (http) with context path ''
2020-09-28 12:27:15.670+0300 [main] INFO  c.dpiliotis.hotel.broker.BookingsIT - Started BookingsIT in 1.046 seconds (JVM running for 25.348)
2020-09-28 12:27:15.688+0300 [http-nio-auto-13-exec-3] INFO  o.a.c.c.C.[Tomcat].[localhost].[/] - Initializing Spring DispatcherServlet 'dispatcherServlet'
2020-09-28 12:27:15.689+0300 [http-nio-auto-13-exec-3] INFO  o.s.web.servlet.DispatcherServlet - Initializing Servlet 'dispatcherServlet'
2020-09-28 12:27:15.696+0300 [http-nio-auto-13-exec-3] INFO  o.s.web.servlet.DispatcherServlet - Completed initialization in 7 ms
2020-09-28 12:27:15.720+0300 [http-nio-auto-13-exec-3] INFO  c.d.h.b.controller.BookingController - Update booking with id: 1
2020-09-28 12:27:15.774+0300 [main] INFO  o.s.s.c.ThreadPoolTaskExecutor - Shutting down ExecutorService 'applicationTaskExecutor'
2020-09-28 12:27:15.775+0300 [main] INFO  o.s.o.j.LocalContainerEntityManagerFactoryBean - Closing JPA EntityManagerFactory for persistence unit 'default'
2020-09-28 12:27:15.775+0300 [main] INFO  com.zaxxer.hikari.HikariDataSource - HikariPool-13 - Shutdown initiated...
2020-09-28 12:27:15.779+0300 [main] INFO  com.zaxxer.hikari.HikariDataSource - HikariPool-13 - Shutdown completed.
2020-09-28 12:27:15.828+0300 [main] INFO  c.dpiliotis.hotel.broker.BookingsIT - Starting BookingsIT on athlp0318 with PID 23866 (started by dpilioti in /space/projects/RTLS/hotel-broker)
2020-09-28 12:27:15.828+0300 [main] INFO  c.dpiliotis.hotel.broker.BookingsIT - The following profiles are active: test,dev
2020-09-28 12:27:15.970+0300 [main] INFO  o.s.d.r.c.RepositoryConfigurationDelegate - Bootstrapping Spring Data JPA repositories in DEFAULT mode.
2020-09-28 12:27:15.978+0300 [main] INFO  o.s.d.r.c.RepositoryConfigurationDelegate - Finished Spring Data repository scanning in 7ms. Found 2 JPA repository interfaces.
2020-09-28 12:27:16.038+0300 [main] INFO  o.s.c.s.PostProcessorRegistrationDelegate$BeanPostProcessorChecker - Bean 'org.springframework.transaction.annotation.ProxyTransactionManagementConfiguration' of type [org.springframework.transaction.annotation.ProxyTransactionManagementConfiguration] is not eligible for getting processed by all BeanPostProcessors (for example: not eligible for auto-proxying)
2020-09-28 12:27:16.123+0300 [main] WARN  o.a.tomcat.util.modeler.Registry - The MBean registry cannot be disabled because it has already been initialised
2020-09-28 12:27:16.125+0300 [main] INFO  o.s.b.w.e.tomcat.TomcatWebServer - Tomcat initialized with port(s): 0 (http)
2020-09-28 12:27:16.126+0300 [main] INFO  o.a.coyote.http11.Http11NioProtocol - Initializing ProtocolHandler ["http-nio-auto-14"]
2020-09-28 12:27:16.126+0300 [main] INFO  o.a.catalina.core.StandardService - Starting service [Tomcat]
2020-09-28 12:27:16.127+0300 [main] INFO  o.a.catalina.core.StandardEngine - Starting Servlet engine: [Apache Tomcat/9.0.29]
2020-09-28 12:27:16.129+0300 [main] INFO  o.a.c.c.C.[Tomcat].[localhost].[/] - Initializing Spring embedded WebApplicationContext
2020-09-28 12:27:16.129+0300 [main] INFO  o.s.web.context.ContextLoader - Root WebApplicationContext: initialization completed in 299 ms
2020-09-28 12:27:16.257+0300 [main] INFO  o.h.jpa.internal.util.LogHelper - HHH000204: Processing PersistenceUnitInfo [name: default]
2020-09-28 12:27:16.260+0300 [main] INFO  com.zaxxer.hikari.HikariDataSource - HikariPool-14 - Starting...
2020-09-28 12:27:16.265+0300 [main] INFO  com.zaxxer.hikari.HikariDataSource - HikariPool-14 - Start completed.
2020-09-28 12:27:16.266+0300 [main] INFO  org.hibernate.dialect.Dialect - HHH000400: Using dialect: org.hibernate.dialect.H2Dialect
2020-09-28 12:27:16.401+0300 [main] INFO  o.h.e.t.j.p.i.JtaPlatformInitiator - HHH000490: Using JtaPlatform implementation: [org.hibernate.engine.transaction.jta.platform.internal.NoJtaPlatform]
2020-09-28 12:27:16.401+0300 [main] INFO  o.s.o.j.LocalContainerEntityManagerFactoryBean - Initialized JPA EntityManagerFactory for persistence unit 'default'
2020-09-28 12:27:16.569+0300 [main] WARN  o.s.b.a.o.j.JpaBaseConfiguration$JpaWebConfiguration - spring.jpa.open-in-view is enabled by default. Therefore, database queries may be performed during view rendering. Explicitly configure spring.jpa.open-in-view to disable this warning
2020-09-28 12:27:16.712+0300 [main] INFO  o.s.s.c.ThreadPoolTaskExecutor - Initializing ExecutorService 'applicationTaskExecutor'
2020-09-28 12:27:16.864+0300 [main] INFO  o.a.coyote.http11.Http11NioProtocol - Starting ProtocolHandler ["http-nio-auto-14"]
2020-09-28 12:27:16.880+0300 [main] INFO  o.s.b.w.e.tomcat.TomcatWebServer - Tomcat started on port(s): 36419 (http) with context path ''
2020-09-28 12:27:16.880+0300 [main] INFO  c.dpiliotis.hotel.broker.BookingsIT - Started BookingsIT in 1.077 seconds (JVM running for 26.559)
2020-09-28 12:27:16.900+0300 [http-nio-auto-14-exec-1] INFO  o.a.c.c.C.[Tomcat].[localhost].[/] - Initializing Spring DispatcherServlet 'dispatcherServlet'
2020-09-28 12:27:16.902+0300 [http-nio-auto-14-exec-1] INFO  o.s.web.servlet.DispatcherServlet - Initializing Servlet 'dispatcherServlet'
2020-09-28 12:27:16.913+0300 [http-nio-auto-14-exec-1] INFO  o.s.web.servlet.DispatcherServlet - Completed initialization in 11 ms
2020-09-28 12:27:16.923+0300 [http-nio-auto-14-exec-1] INFO  c.d.h.b.controller.BookingController - Request bookings for hotel with id: 1
2020-09-28 12:27:16.966+0300 [main] INFO  o.s.s.c.ThreadPoolTaskExecutor - Shutting down ExecutorService 'applicationTaskExecutor'
2020-09-28 12:27:16.966+0300 [main] INFO  o.s.o.j.LocalContainerEntityManagerFactoryBean - Closing JPA EntityManagerFactory for persistence unit 'default'
2020-09-28 12:27:16.967+0300 [main] INFO  com.zaxxer.hikari.HikariDataSource - HikariPool-14 - Shutdown initiated...
2020-09-28 12:27:16.980+0300 [main] INFO  com.zaxxer.hikari.HikariDataSource - HikariPool-14 - Shutdown completed.
2020-09-28 12:27:17.052+0300 [main] INFO  c.dpiliotis.hotel.broker.BookingsIT - Starting BookingsIT on athlp0318 with PID 23866 (started by dpilioti in /space/projects/RTLS/hotel-broker)
2020-09-28 12:27:17.052+0300 [main] INFO  c.dpiliotis.hotel.broker.BookingsIT - The following profiles are active: test,dev
2020-09-28 12:27:17.167+0300 [main] INFO  o.s.d.r.c.RepositoryConfigurationDelegate - Bootstrapping Spring Data JPA repositories in DEFAULT mode.
2020-09-28 12:27:17.181+0300 [main] INFO  o.s.d.r.c.RepositoryConfigurationDelegate - Finished Spring Data repository scanning in 14ms. Found 2 JPA repository interfaces.
2020-09-28 12:27:17.244+0300 [main] INFO  o.s.c.s.PostProcessorRegistrationDelegate$BeanPostProcessorChecker - Bean 'org.springframework.transaction.annotation.ProxyTransactionManagementConfiguration' of type [org.springframework.transaction.annotation.ProxyTransactionManagementConfiguration] is not eligible for getting processed by all BeanPostProcessors (for example: not eligible for auto-proxying)
2020-09-28 12:27:17.320+0300 [main] WARN  o.a.tomcat.util.modeler.Registry - The MBean registry cannot be disabled because it has already been initialised
2020-09-28 12:27:17.322+0300 [main] INFO  o.s.b.w.e.tomcat.TomcatWebServer - Tomcat initialized with port(s): 0 (http)
2020-09-28 12:27:17.322+0300 [main] INFO  o.a.coyote.http11.Http11NioProtocol - Initializing ProtocolHandler ["http-nio-auto-15"]
2020-09-28 12:27:17.323+0300 [main] INFO  o.a.catalina.core.StandardService - Starting service [Tomcat]
2020-09-28 12:27:17.323+0300 [main] INFO  o.a.catalina.core.StandardEngine - Starting Servlet engine: [Apache Tomcat/9.0.29]
2020-09-28 12:27:17.326+0300 [main] INFO  o.a.c.c.C.[Tomcat].[localhost].[/] - Initializing Spring embedded WebApplicationContext
2020-09-28 12:27:17.326+0300 [main] INFO  o.s.web.context.ContextLoader - Root WebApplicationContext: initialization completed in 273 ms
2020-09-28 12:27:17.407+0300 [main] INFO  o.h.jpa.internal.util.LogHelper - HHH000204: Processing PersistenceUnitInfo [name: default]
2020-09-28 12:27:17.413+0300 [main] INFO  com.zaxxer.hikari.HikariDataSource - HikariPool-15 - Starting...
2020-09-28 12:27:17.424+0300 [main] INFO  com.zaxxer.hikari.HikariDataSource - HikariPool-15 - Start completed.
2020-09-28 12:27:17.425+0300 [main] INFO  org.hibernate.dialect.Dialect - HHH000400: Using dialect: org.hibernate.dialect.H2Dialect
2020-09-28 12:27:17.498+0300 [main] INFO  o.h.e.t.j.p.i.JtaPlatformInitiator - HHH000490: Using JtaPlatform implementation: [org.hibernate.engine.transaction.jta.platform.internal.NoJtaPlatform]
2020-09-28 12:27:17.499+0300 [main] INFO  o.s.o.j.LocalContainerEntityManagerFactoryBean - Initialized JPA EntityManagerFactory for persistence unit 'default'
2020-09-28 12:27:17.674+0300 [main] WARN  o.s.b.a.o.j.JpaBaseConfiguration$JpaWebConfiguration - spring.jpa.open-in-view is enabled by default. Therefore, database queries may be performed during view rendering. Explicitly configure spring.jpa.open-in-view to disable this warning
2020-09-28 12:27:17.777+0300 [main] INFO  o.s.s.c.ThreadPoolTaskExecutor - Initializing ExecutorService 'applicationTaskExecutor'
2020-09-28 12:27:18.013+0300 [main] INFO  o.a.coyote.http11.Http11NioProtocol - Starting ProtocolHandler ["http-nio-auto-15"]
2020-09-28 12:27:18.031+0300 [main] INFO  o.s.b.w.e.tomcat.TomcatWebServer - Tomcat started on port(s): 39135 (http) with context path ''
2020-09-28 12:27:18.031+0300 [main] INFO  c.dpiliotis.hotel.broker.BookingsIT - Started BookingsIT in 1.034 seconds (JVM running for 27.709)
2020-09-28 12:27:18.067+0300 [http-nio-auto-15-exec-1] INFO  o.a.c.c.C.[Tomcat].[localhost].[/] - Initializing Spring DispatcherServlet 'dispatcherServlet'
2020-09-28 12:27:18.069+0300 [http-nio-auto-15-exec-1] INFO  o.s.web.servlet.DispatcherServlet - Initializing Servlet 'dispatcherServlet'
2020-09-28 12:27:18.084+0300 [http-nio-auto-15-exec-1] INFO  o.s.web.servlet.DispatcherServlet - Completed initialization in 15 ms
2020-09-28 12:27:18.132+0300 [http-nio-auto-15-exec-1] INFO  c.d.h.b.controller.BookingController - Create new booking.
2020-09-28 12:27:18.190+0300 [main] INFO  o.s.s.c.ThreadPoolTaskExecutor - Shutting down ExecutorService 'applicationTaskExecutor'
2020-09-28 12:27:18.191+0300 [main] INFO  o.s.o.j.LocalContainerEntityManagerFactoryBean - Closing JPA EntityManagerFactory for persistence unit 'default'
2020-09-28 12:27:18.191+0300 [main] INFO  com.zaxxer.hikari.HikariDataSource - HikariPool-15 - Shutdown initiated...
2020-09-28 12:27:18.213+0300 [main] INFO  com.zaxxer.hikari.HikariDataSource - HikariPool-15 - Shutdown completed.
2020-09-28 12:27:18.289+0300 [main] INFO  c.dpiliotis.hotel.broker.BookingsIT - Starting BookingsIT on athlp0318 with PID 23866 (started by dpilioti in /space/projects/RTLS/hotel-broker)
2020-09-28 12:27:18.289+0300 [main] INFO  c.dpiliotis.hotel.broker.BookingsIT - The following profiles are active: test,dev
2020-09-28 12:27:18.447+0300 [main] INFO  o.s.d.r.c.RepositoryConfigurationDelegate - Bootstrapping Spring Data JPA repositories in DEFAULT mode.
2020-09-28 12:27:18.460+0300 [main] INFO  o.s.d.r.c.RepositoryConfigurationDelegate - Finished Spring Data repository scanning in 12ms. Found 2 JPA repository interfaces.
2020-09-28 12:27:18.539+0300 [main] INFO  o.s.c.s.PostProcessorRegistrationDelegate$BeanPostProcessorChecker - Bean 'org.springframework.transaction.annotation.ProxyTransactionManagementConfiguration' of type [org.springframework.transaction.annotation.ProxyTransactionManagementConfiguration] is not eligible for getting processed by all BeanPostProcessors (for example: not eligible for auto-proxying)
2020-09-28 12:27:18.636+0300 [main] WARN  o.a.tomcat.util.modeler.Registry - The MBean registry cannot be disabled because it has already been initialised
2020-09-28 12:27:18.640+0300 [main] INFO  o.s.b.w.e.tomcat.TomcatWebServer - Tomcat initialized with port(s): 0 (http)
2020-09-28 12:27:18.641+0300 [main] INFO  o.a.coyote.http11.Http11NioProtocol - Initializing ProtocolHandler ["http-nio-auto-16"]
2020-09-28 12:27:18.643+0300 [main] INFO  o.a.catalina.core.StandardService - Starting service [Tomcat]
2020-09-28 12:27:18.644+0300 [main] INFO  o.a.catalina.core.StandardEngine - Starting Servlet engine: [Apache Tomcat/9.0.29]
2020-09-28 12:27:18.648+0300 [main] INFO  o.a.c.c.C.[Tomcat].[localhost].[/] - Initializing Spring embedded WebApplicationContext
2020-09-28 12:27:18.648+0300 [main] INFO  o.s.web.context.ContextLoader - Root WebApplicationContext: initialization completed in 357 ms
2020-09-28 12:27:18.758+0300 [main] INFO  o.h.jpa.internal.util.LogHelper - HHH000204: Processing PersistenceUnitInfo [name: default]
2020-09-28 12:27:18.763+0300 [main] INFO  com.zaxxer.hikari.HikariDataSource - HikariPool-16 - Starting...
2020-09-28 12:27:18.765+0300 [main] INFO  com.zaxxer.hikari.HikariDataSource - HikariPool-16 - Start completed.
2020-09-28 12:27:18.767+0300 [main] INFO  org.hibernate.dialect.Dialect - HHH000400: Using dialect: org.hibernate.dialect.H2Dialect
2020-09-28 12:27:18.818+0300 [main] INFO  o.h.e.t.j.p.i.JtaPlatformInitiator - HHH000490: Using JtaPlatform implementation: [org.hibernate.engine.transaction.jta.platform.internal.NoJtaPlatform]
2020-09-28 12:27:18.819+0300 [main] INFO  o.s.o.j.LocalContainerEntityManagerFactoryBean - Initialized JPA EntityManagerFactory for persistence unit 'default'
2020-09-28 12:27:18.971+0300 [main] WARN  o.s.b.a.o.j.JpaBaseConfiguration$JpaWebConfiguration - spring.jpa.open-in-view is enabled by default. Therefore, database queries may be performed during view rendering. Explicitly configure spring.jpa.open-in-view to disable this warning
2020-09-28 12:27:19.075+0300 [main] INFO  o.s.s.c.ThreadPoolTaskExecutor - Initializing ExecutorService 'applicationTaskExecutor'
2020-09-28 12:27:19.262+0300 [main] INFO  o.a.coyote.http11.Http11NioProtocol - Starting ProtocolHandler ["http-nio-auto-16"]
2020-09-28 12:27:19.280+0300 [main] INFO  o.s.b.w.e.tomcat.TomcatWebServer - Tomcat started on port(s): 45415 (http) with context path ''
2020-09-28 12:27:19.281+0300 [main] INFO  c.dpiliotis.hotel.broker.BookingsIT - Started BookingsIT in 1.049 seconds (JVM running for 28.959)
2020-09-28 12:27:19.294+0300 [http-nio-auto-16-exec-1] INFO  o.a.c.c.C.[Tomcat].[localhost].[/] - Initializing Spring DispatcherServlet 'dispatcherServlet'
2020-09-28 12:27:19.296+0300 [http-nio-auto-16-exec-1] INFO  o.s.web.servlet.DispatcherServlet - Initializing Servlet 'dispatcherServlet'
2020-09-28 12:27:19.304+0300 [http-nio-auto-16-exec-1] INFO  o.s.web.servlet.DispatcherServlet - Completed initialization in 8 ms
2020-09-28 12:27:19.327+0300 [http-nio-auto-16-exec-1] INFO  c.d.h.b.controller.BookingController - Delete booking with id: 1
2020-09-28 12:27:19.368+0300 [main] INFO  o.s.s.c.ThreadPoolTaskExecutor - Shutting down ExecutorService 'applicationTaskExecutor'
2020-09-28 12:27:19.369+0300 [main] INFO  o.s.o.j.LocalContainerEntityManagerFactoryBean - Closing JPA EntityManagerFactory for persistence unit 'default'
2020-09-28 12:27:19.370+0300 [main] INFO  com.zaxxer.hikari.HikariDataSource - HikariPool-16 - Shutdown initiated...
2020-09-28 12:27:19.383+0300 [main] INFO  com.zaxxer.hikari.HikariDataSource - HikariPool-16 - Shutdown completed.
2020-09-28 12:27:19.431+0300 [main] INFO  c.dpiliotis.hotel.broker.BookingsIT - Starting BookingsIT on athlp0318 with PID 23866 (started by dpilioti in /space/projects/RTLS/hotel-broker)
2020-09-28 12:27:19.431+0300 [main] INFO  c.dpiliotis.hotel.broker.BookingsIT - The following profiles are active: test,dev
2020-09-28 12:27:19.551+0300 [main] INFO  o.s.d.r.c.RepositoryConfigurationDelegate - Bootstrapping Spring Data JPA repositories in DEFAULT mode.
2020-09-28 12:27:19.560+0300 [main] INFO  o.s.d.r.c.RepositoryConfigurationDelegate - Finished Spring Data repository scanning in 8ms. Found 2 JPA repository interfaces.
2020-09-28 12:27:19.626+0300 [main] INFO  o.s.c.s.PostProcessorRegistrationDelegate$BeanPostProcessorChecker - Bean 'org.springframework.transaction.annotation.ProxyTransactionManagementConfiguration' of type [org.springframework.transaction.annotation.ProxyTransactionManagementConfiguration] is not eligible for getting processed by all BeanPostProcessors (for example: not eligible for auto-proxying)
2020-09-28 12:27:19.706+0300 [main] WARN  o.a.tomcat.util.modeler.Registry - The MBean registry cannot be disabled because it has already been initialised
2020-09-28 12:27:19.708+0300 [main] INFO  o.s.b.w.e.tomcat.TomcatWebServer - Tomcat initialized with port(s): 0 (http)
2020-09-28 12:27:19.709+0300 [main] INFO  o.a.coyote.http11.Http11NioProtocol - Initializing ProtocolHandler ["http-nio-auto-17"]
2020-09-28 12:27:19.709+0300 [main] INFO  o.a.catalina.core.StandardService - Starting service [Tomcat]
2020-09-28 12:27:19.710+0300 [main] INFO  o.a.catalina.core.StandardEngine - Starting Servlet engine: [Apache Tomcat/9.0.29]
2020-09-28 12:27:19.712+0300 [main] INFO  o.a.c.c.C.[Tomcat].[localhost].[/] - Initializing Spring embedded WebApplicationContext
2020-09-28 12:27:19.712+0300 [main] INFO  o.s.web.context.ContextLoader - Root WebApplicationContext: initialization completed in 279 ms
2020-09-28 12:27:19.791+0300 [main] INFO  o.h.jpa.internal.util.LogHelper - HHH000204: Processing PersistenceUnitInfo [name: default]
2020-09-28 12:27:19.794+0300 [main] INFO  com.zaxxer.hikari.HikariDataSource - HikariPool-17 - Starting...
2020-09-28 12:27:19.795+0300 [main] INFO  com.zaxxer.hikari.HikariDataSource - HikariPool-17 - Start completed.
2020-09-28 12:27:19.795+0300 [main] INFO  org.hibernate.dialect.Dialect - HHH000400: Using dialect: org.hibernate.dialect.H2Dialect
2020-09-28 12:27:19.846+0300 [main] INFO  o.h.e.t.j.p.i.JtaPlatformInitiator - HHH000490: Using JtaPlatform implementation: [org.hibernate.engine.transaction.jta.platform.internal.NoJtaPlatform]
2020-09-28 12:27:19.846+0300 [main] INFO  o.s.o.j.LocalContainerEntityManagerFactoryBean - Initialized JPA EntityManagerFactory for persistence unit 'default'
2020-09-28 12:27:19.954+0300 [main] WARN  o.s.b.a.o.j.JpaBaseConfiguration$JpaWebConfiguration - spring.jpa.open-in-view is enabled by default. Therefore, database queries may be performed during view rendering. Explicitly configure spring.jpa.open-in-view to disable this warning
2020-09-28 12:27:20.034+0300 [main] INFO  o.s.s.c.ThreadPoolTaskExecutor - Initializing ExecutorService 'applicationTaskExecutor'
2020-09-28 12:27:20.205+0300 [main] INFO  o.a.coyote.http11.Http11NioProtocol - Starting ProtocolHandler ["http-nio-auto-17"]
2020-09-28 12:27:20.221+0300 [main] INFO  o.s.b.w.e.tomcat.TomcatWebServer - Tomcat started on port(s): 42181 (http) with context path ''
2020-09-28 12:27:20.221+0300 [main] INFO  c.dpiliotis.hotel.broker.BookingsIT - Started BookingsIT in 0.826 seconds (JVM running for 29.899)
2020-09-28 12:27:20.250+0300 [http-nio-auto-17-exec-1] INFO  o.a.c.c.C.[Tomcat].[localhost].[/] - Initializing Spring DispatcherServlet 'dispatcherServlet'
2020-09-28 12:27:20.251+0300 [http-nio-auto-17-exec-1] INFO  o.s.web.servlet.DispatcherServlet - Initializing Servlet 'dispatcherServlet'
2020-09-28 12:27:20.261+0300 [http-nio-auto-17-exec-1] INFO  o.s.web.servlet.DispatcherServlet - Completed initialization in 10 ms
2020-09-28 12:27:20.271+0300 [http-nio-auto-17-exec-1] INFO  c.d.h.b.controller.BookingController - Create new booking.
2020-09-28 12:27:20.325+0300 [SpringContextShutdownHook] INFO  o.s.s.c.ThreadPoolTaskExecutor - Shutting down ExecutorService 'applicationTaskExecutor'
2020-09-28 12:27:20.326+0300 [SpringContextShutdownHook] INFO  o.s.o.j.LocalContainerEntityManagerFactoryBean - Closing JPA EntityManagerFactory for persistence unit 'default'
2020-09-28 12:27:20.327+0300 [SpringContextShutdownHook] INFO  com.zaxxer.hikari.HikariDataSource - HikariPool-17 - Shutdown initiated...
2020-09-28 12:27:20.332+0300 [SpringContextShutdownHook] INFO  com.zaxxer.hikari.HikariDataSource - HikariPool-17 - Shutdown completed.
